This is XeTeX, Version 3.141592653-2.6-0.999994 (MiKTeX 22.3) (preloaded format=xelatex 2022.5.9)  3 JUN 2022 17:14
entering extended mode
 restricted \write18 enabled.
 %&-line parsing enabled.
**./main.tex
(main.tex
LaTeX2e <2021-11-15> patch level 1
L3 programming layer <2022-04-29>
(C:\Users\diemer\AppData\Roaming\MiKTeX\tex/latex/snapshot\snapshot.sty
Package: snapshot 2020/06/17 v2.14
)
(C:\Program Files\MiKTeX\tex/latex/base\book.cls
Document Class: book 2021/10/04 v1.4n Standard LaTeX document class
(C:\Program Files\MiKTeX\tex/latex/base\bk10.clo
File: bk10.clo 2021/10/04 v1.4n Standard LaTeX file (size option)
)
\c@part=\count181
\c@chapter=\count182
\c@section=\count183
\c@subsection=\count184
\c@subsubsection=\count185
\c@paragraph=\count186
\c@subparagraph=\count187
\c@figure=\count188
\c@table=\count189
\abovecaptionskip=\skip47
\belowcaptionskip=\skip48
\bibindent=\dimen138
)
(C:\Users\diemer\AppData\Roaming\MiKTeX\tex/latex/geometry\geometry.sty
Package: geometry 2020/01/02 v5.9 Page Geometry

(C:\Program Files\MiKTeX\tex/latex/graphics\keyval.sty
Package: keyval 2014/10/28 v1.15 key=value parser (DPC)
\KV@toks@=\toks16
)
(C:\Program Files\MiKTeX\tex/generic/iftex\ifvtex.sty
Package: ifvtex 2019/10/25 v1.7 ifvtex legacy package. Use iftex instead.

(C:\Program Files\MiKTeX\tex/generic/iftex\iftex.sty
Package: iftex 2022/02/03 v1.0f TeX engine tests
))
\Gm@cnth=\count190
\Gm@cntv=\count191
\c@Gm@tempcnt=\count192
\Gm@bindingoffset=\dimen139
\Gm@wd@mp=\dimen140
\Gm@odd@mp=\dimen141
\Gm@even@mp=\dimen142
\Gm@layoutwidth=\dimen143
\Gm@layoutheight=\dimen144
\Gm@layouthoffset=\dimen145
\Gm@layoutvoffset=\dimen146
\Gm@dimlist=\toks17

(C:\Users\diemer\AppData\Roaming\MiKTeX\tex/latex/geometry\geometry.cfg))
(C:\Program Files\MiKTeX\tex/latex/base\ifthen.sty
Package: ifthen 2020/11/24 v1.1c Standard LaTeX ifthen package (DPC)
)
(C:\Program Files\MiKTeX\tex/latex/etoolbox\etoolbox.sty
Package: etoolbox 2020/10/05 v2.5k e-TeX tools for LaTeX (JAW)
\etb@tempcnta=\count193
)
(C:\Program Files\MiKTeX\tex/generic/iftex\ifxetex.sty
Package: ifxetex 2019/10/25 v0.7 ifxetex legacy package. Use iftex instead.
)
(C:\Program Files\MiKTeX\tex/generic/iftex\ifluatex.sty
Package: ifluatex 2019/10/25 v1.5 ifluatex legacy package. Use iftex instead.
)
(C:\Program Files\MiKTeX\tex/latex/graphics\graphicx.sty
Package: graphicx 2021/09/16 v1.2d Enhanced LaTeX Graphics (DPC,SPQR)

(C:\Program Files\MiKTeX\tex/latex/graphics\graphics.sty
Package: graphics 2021/03/04 v1.4d Standard LaTeX Graphics (DPC,SPQR)

(C:\Program Files\MiKTeX\tex/latex/graphics\trig.sty
Package: trig 2021/08/11 v1.11 sin cos tan (DPC)
)
(C:\Program Files\MiKTeX\tex/latex/graphics-cfg\graphics.cfg
File: graphics.cfg 2016/06/04 v1.11 sample graphics configuration
)
Package graphics Info: Driver file: xetex.def on input line 107.

(C:\Program Files\MiKTeX\tex/latex/graphics-def\xetex.def
File: xetex.def 2022/04/16 v5.0m Graphics/color driver for xetex
))
\Gin@req@height=\dimen147
\Gin@req@width=\dimen148
)
(C:\Program Files\MiKTeX\tex/latex/xcolor\xcolor.sty
Package: xcolor 2021/10/31 v2.13 LaTeX color extensions (UK)

(C:\Program Files\MiKTeX\tex/latex/graphics-cfg\color.cfg
File: color.cfg 2016/01/02 v1.6 sample color configuration
)
Package xcolor Info: Package option `usenames' ignored on input line 218.
Package xcolor Info: Driver file: xetex.def on input line 227.

(C:\Users\diemer\AppData\Roaming\MiKTeX\tex/latex/colortbl\colortbl.sty
Package: colortbl 2020/01/04 v1.0e Color table columns (DPC)

(C:\Users\diemer\AppData\Roaming\MiKTeX\tex/latex/tools\array.sty
Package: array 2021/10/04 v2.5f Tabular extension package (FMi)
\col@sep=\dimen149
\ar@mcellbox=\box50
\extrarowheight=\dimen150
\NC@list=\toks18
\extratabsurround=\skip49
\backup@length=\skip50
\ar@cellbox=\box51
)
\everycr=\toks19
\minrowclearance=\skip51
)
\rownum=\count194
Package xcolor Info: Model `cmy' substituted by `cmy0' on input line 1352.
Package xcolor Info: Model `RGB' extended on input line 1368.
Package xcolor Info: Model `HTML' substituted by `rgb' on input line 1370.
Package xcolor Info: Model `Hsb' substituted by `hsb' on input line 1371.
Package xcolor Info: Model `tHsb' substituted by `hsb' on input line 1372.
Package xcolor Info: Model `HSB' substituted by `hsb' on input line 1373.
Package xcolor Info: Model `Gray' substituted by `gray' on input line 1374.
Package xcolor Info: Model `wave' substituted by `hsb' on input line 1375.

(C:\Program Files\MiKTeX\tex/latex/graphics\dvipsnam.def
File: dvipsnam.def 2016/06/17 v3.0m Driver-dependent file (DPC,SPQR)
)
(C:\Program Files\MiKTeX\tex/latex/xcolor\svgnam.def
File: svgnam.def 2021/10/31 v2.13 Predefined colors according to SVG 1.1 (UK)
))
(C:\Program Files\MiKTeX\tex/latex/tcolorbox\tcolorbox.sty
Package: tcolorbox 2022/01/07 version 5.0.2 text color boxes

(C:\Program Files\MiKTeX\tex/latex/pgf/basiclayer\pgf.sty
(C:\Program Files\MiKTeX\tex/latex/pgf/utilities\pgfrcs.sty
(C:\Program Files\MiKTeX\tex/generic/pgf/utilities\pgfutil-common.tex
\pgfutil@everybye=\toks20
\pgfutil@tempdima=\dimen151
\pgfutil@tempdimb=\dimen152

(C:\Program Files\MiKTeX\tex/generic/pgf/utilities\pgfutil-common-lists.tex))
(C:\Program Files\MiKTeX\tex/generic/pgf/utilities\pgfutil-latex.def
\pgfutil@abb=\box52
)
(C:\Program Files\MiKTeX\tex/generic/pgf/utilities\pgfrcs.code.tex
(C:\Program Files\MiKTeX\tex/generic/pgf\pgf.revision.tex)
Package: pgfrcs 2021/05/15 v3.1.9a (3.1.9a)
))
Package: pgf 2021/05/15 v3.1.9a (3.1.9a)

(C:\Program Files\MiKTeX\tex/latex/pgf/basiclayer\pgfcore.sty
(C:\Program Files\MiKTeX\tex/latex/pgf/systemlayer\pgfsys.sty
(C:\Program Files\MiKTeX\tex/generic/pgf/systemlayer\pgfsys.code.tex
Package: pgfsys 2021/05/15 v3.1.9a (3.1.9a)

(C:\Program Files\MiKTeX\tex/generic/pgf/utilities\pgfkeys.code.tex
\pgfkeys@pathtoks=\toks21
\pgfkeys@temptoks=\toks22

(C:\Program Files\MiKTeX\tex/generic/pgf/utilities\pgfkeysfiltered.code.tex
\pgfkeys@tmptoks=\toks23
))
\pgf@x=\dimen153
\pgf@y=\dimen154
\pgf@xa=\dimen155
\pgf@ya=\dimen156
\pgf@xb=\dimen157
\pgf@yb=\dimen158
\pgf@xc=\dimen159
\pgf@yc=\dimen160
\pgf@xd=\dimen161
\pgf@yd=\dimen162
\w@pgf@writea=\write3
\r@pgf@reada=\read2
\c@pgf@counta=\count195
\c@pgf@countb=\count196
\c@pgf@countc=\count197
\c@pgf@countd=\count198
\t@pgf@toka=\toks24
\t@pgf@tokb=\toks25
\t@pgf@tokc=\toks26
\pgf@sys@id@count=\count199

(C:\Program Files\MiKTeX\tex/generic/pgf/systemlayer\pgf.cfg
File: pgf.cfg 2021/05/15 v3.1.9a (3.1.9a)
)
Driver file for pgf: pgfsys-xetex.def

(C:\Program Files\MiKTeX\tex/generic/pgf/systemlayer\pgfsys-xetex.def
File: pgfsys-xetex.def 2021/05/15 v3.1.9a (3.1.9a)

(C:\Program Files\MiKTeX\tex/generic/pgf/systemlayer\pgfsys-dvipdfmx.def
File: pgfsys-dvipdfmx.def 2021/05/15 v3.1.9a (3.1.9a)

(C:\Program Files\MiKTeX\tex/generic/pgf/systemlayer\pgfsys-common-pdf.def
File: pgfsys-common-pdf.def 2021/05/15 v3.1.9a (3.1.9a)
)
\pgfsys@objnum=\count266
)))
(C:\Program Files\MiKTeX\tex/generic/pgf/systemlayer\pgfsyssoftpath.code.tex
File: pgfsyssoftpath.code.tex 2021/05/15 v3.1.9a (3.1.9a)
\pgfsyssoftpath@smallbuffer@items=\count267
\pgfsyssoftpath@bigbuffer@items=\count268
)
(C:\Program Files\MiKTeX\tex/generic/pgf/systemlayer\pgfsysprotocol.code.tex
File: pgfsysprotocol.code.tex 2021/05/15 v3.1.9a (3.1.9a)
))
(C:\Program Files\MiKTeX\tex/generic/pgf/basiclayer\pgfcore.code.tex
Package: pgfcore 2021/05/15 v3.1.9a (3.1.9a)

(C:\Program Files\MiKTeX\tex/generic/pgf/math\pgfmath.code.tex
(C:\Program Files\MiKTeX\tex/generic/pgf/math\pgfmathcalc.code.tex
(C:\Program Files\MiKTeX\tex/generic/pgf/math\pgfmathutil.code.tex)
(C:\Program Files\MiKTeX\tex/generic/pgf/math\pgfmathparser.code.tex
\pgfmath@dimen=\dimen163
\pgfmath@count=\count269
\pgfmath@box=\box53
\pgfmath@toks=\toks27
\pgfmath@stack@operand=\toks28
\pgfmath@stack@operation=\toks29
)
(C:\Program Files\MiKTeX\tex/generic/pgf/math\pgfmathfunctions.code.tex
(C:\Program Files\MiKTeX\tex/generic/pgf/math\pgfmathfunctions.basic.code.tex)
(C:\Program Files\MiKTeX\tex/generic/pgf/math\pgfmathfunctions.trigonometric.co
de.tex)
(C:\Program Files\MiKTeX\tex/generic/pgf/math\pgfmathfunctions.random.code.tex)

(C:\Program Files\MiKTeX\tex/generic/pgf/math\pgfmathfunctions.comparison.code.
tex)
(C:\Program Files\MiKTeX\tex/generic/pgf/math\pgfmathfunctions.base.code.tex)
(C:\Program Files\MiKTeX\tex/generic/pgf/math\pgfmathfunctions.round.code.tex)
(C:\Program Files\MiKTeX\tex/generic/pgf/math\pgfmathfunctions.misc.code.tex)
(C:\Program Files\MiKTeX\tex/generic/pgf/math\pgfmathfunctions.integerarithmeti
cs.code.tex)))
(C:\Program Files\MiKTeX\tex/generic/pgf/math\pgfmathfloat.code.tex
\c@pgfmathroundto@lastzeros=\count270
))
(C:\Program Files\MiKTeX\tex/generic/pgf/math\pgfint.code.tex)
(C:\Program Files\MiKTeX\tex/generic/pgf/basiclayer\pgfcorepoints.code.tex
File: pgfcorepoints.code.tex 2021/05/15 v3.1.9a (3.1.9a)
\pgf@picminx=\dimen164
\pgf@picmaxx=\dimen165
\pgf@picminy=\dimen166
\pgf@picmaxy=\dimen167
\pgf@pathminx=\dimen168
\pgf@pathmaxx=\dimen169
\pgf@pathminy=\dimen170
\pgf@pathmaxy=\dimen171
\pgf@xx=\dimen172
\pgf@xy=\dimen173
\pgf@yx=\dimen174
\pgf@yy=\dimen175
\pgf@zx=\dimen176
\pgf@zy=\dimen177
)
(C:\Program Files\MiKTeX\tex/generic/pgf/basiclayer\pgfcorepathconstruct.code.t
ex
File: pgfcorepathconstruct.code.tex 2021/05/15 v3.1.9a (3.1.9a)
\pgf@path@lastx=\dimen178
\pgf@path@lasty=\dimen179
)
(C:\Program Files\MiKTeX\tex/generic/pgf/basiclayer\pgfcorepathusage.code.tex
File: pgfcorepathusage.code.tex 2021/05/15 v3.1.9a (3.1.9a)
\pgf@shorten@end@additional=\dimen180
\pgf@shorten@start@additional=\dimen181
)
(C:\Program Files\MiKTeX\tex/generic/pgf/basiclayer\pgfcorescopes.code.tex
File: pgfcorescopes.code.tex 2021/05/15 v3.1.9a (3.1.9a)
\pgfpic=\box54
\pgf@hbox=\box55
\pgf@layerbox@main=\box56
\pgf@picture@serial@count=\count271
)
(C:\Program Files\MiKTeX\tex/generic/pgf/basiclayer\pgfcoregraphicstate.code.te
x
File: pgfcoregraphicstate.code.tex 2021/05/15 v3.1.9a (3.1.9a)
\pgflinewidth=\dimen182
)
(C:\Program Files\MiKTeX\tex/generic/pgf/basiclayer\pgfcoretransformations.code
.tex
File: pgfcoretransformations.code.tex 2021/05/15 v3.1.9a (3.1.9a)
\pgf@pt@x=\dimen183
\pgf@pt@y=\dimen184
\pgf@pt@temp=\dimen185
) (C:\Program Files\MiKTeX\tex/generic/pgf/basiclayer\pgfcorequick.code.tex
File: pgfcorequick.code.tex 2021/05/15 v3.1.9a (3.1.9a)
) (C:\Program Files\MiKTeX\tex/generic/pgf/basiclayer\pgfcoreobjects.code.tex
File: pgfcoreobjects.code.tex 2021/05/15 v3.1.9a (3.1.9a)
)
(C:\Program Files\MiKTeX\tex/generic/pgf/basiclayer\pgfcorepathprocessing.code.
tex
File: pgfcorepathprocessing.code.tex 2021/05/15 v3.1.9a (3.1.9a)
) (C:\Program Files\MiKTeX\tex/generic/pgf/basiclayer\pgfcorearrows.code.tex
File: pgfcorearrows.code.tex 2021/05/15 v3.1.9a (3.1.9a)
\pgfarrowsep=\dimen186
) (C:\Program Files\MiKTeX\tex/generic/pgf/basiclayer\pgfcoreshade.code.tex
File: pgfcoreshade.code.tex 2021/05/15 v3.1.9a (3.1.9a)
\pgf@max=\dimen187
\pgf@sys@shading@range@num=\count272
\pgf@shadingcount=\count273
)
(C:\Program Files\MiKTeX\tex/generic/pgf/basiclayer\pgfcoreimage.code.tex
File: pgfcoreimage.code.tex 2021/05/15 v3.1.9a (3.1.9a)

(C:\Program Files\MiKTeX\tex/generic/pgf/basiclayer\pgfcoreexternal.code.tex
File: pgfcoreexternal.code.tex 2021/05/15 v3.1.9a (3.1.9a)
\pgfexternal@startupbox=\box57
))
(C:\Program Files\MiKTeX\tex/generic/pgf/basiclayer\pgfcorelayers.code.tex
File: pgfcorelayers.code.tex 2021/05/15 v3.1.9a (3.1.9a)
)
(C:\Program Files\MiKTeX\tex/generic/pgf/basiclayer\pgfcoretransparency.code.te
x
File: pgfcoretransparency.code.tex 2021/05/15 v3.1.9a (3.1.9a)
) (C:\Program Files\MiKTeX\tex/generic/pgf/basiclayer\pgfcorepatterns.code.tex
File: pgfcorepatterns.code.tex 2021/05/15 v3.1.9a (3.1.9a)
) (C:\Program Files\MiKTeX\tex/generic/pgf/basiclayer\pgfcorerdf.code.tex
File: pgfcorerdf.code.tex 2021/05/15 v3.1.9a (3.1.9a)
)))
(C:\Program Files\MiKTeX\tex/generic/pgf/modules\pgfmoduleshapes.code.tex
File: pgfmoduleshapes.code.tex 2021/05/15 v3.1.9a (3.1.9a)
\pgfnodeparttextbox=\box58
)
(C:\Program Files\MiKTeX\tex/generic/pgf/modules\pgfmoduleplot.code.tex
File: pgfmoduleplot.code.tex 2021/05/15 v3.1.9a (3.1.9a)
)
(C:\Program Files\MiKTeX\tex/latex/pgf/compatibility\pgfcomp-version-0-65.sty
Package: pgfcomp-version-0-65 2021/05/15 v3.1.9a (3.1.9a)
\pgf@nodesepstart=\dimen188
\pgf@nodesepend=\dimen189
)
(C:\Program Files\MiKTeX\tex/latex/pgf/compatibility\pgfcomp-version-1-18.sty
Package: pgfcomp-version-1-18 2021/05/15 v3.1.9a (3.1.9a)
)) (C:\Users\diemer\AppData\Roaming\MiKTeX\tex/latex/tools\verbatim.sty
Package: verbatim 2020-07-07 v1.5u LaTeX2e package for verbatim enhancements
\every@verbatim=\toks30
\verbatim@line=\toks31
\verbatim@in@stream=\read3
)
(C:\Program Files\MiKTeX\tex/latex/environ\environ.sty
Package: environ 2014/05/04 v0.3 A new way to define environments

(C:\Program Files\MiKTeX\tex/latex/trimspaces\trimspaces.sty
Package: trimspaces 2009/09/17 v1.1 Trim spaces around a token list
)
\@envbody=\toks32
)
\tcb@titlebox=\box59
\tcb@upperbox=\box60
\tcb@lowerbox=\box61
\tcb@phantombox=\box62
\c@tcbbreakpart=\count274
\c@tcblayer=\count275
\c@tcolorbox@number=\count276
\tcb@temp=\box63
\tcb@temp=\box64
\tcb@temp=\box65
\tcb@temp=\box66
)
(C:\Program Files\MiKTeX\tex/latex/tcolorbox\tcbskins.code.tex
Library (tcolorbox): 'tcbskins.code.tex' version '5.0.2'
(C:\Program Files\MiKTeX\tex/latex/pgf/frontendlayer\tikz.sty
(C:\Program Files\MiKTeX\tex/latex/pgf/utilities\pgffor.sty
(C:\Program Files\MiKTeX\tex/latex/pgf/utilities\pgfkeys.sty
(C:\Program Files\MiKTeX\tex/generic/pgf/utilities\pgfkeys.code.tex))
(C:\Program Files\MiKTeX\tex/latex/pgf/math\pgfmath.sty
(C:\Program Files\MiKTeX\tex/generic/pgf/math\pgfmath.code.tex))
(C:\Program Files\MiKTeX\tex/generic/pgf/utilities\pgffor.code.tex
Package: pgffor 2021/05/15 v3.1.9a (3.1.9a)

(C:\Program Files\MiKTeX\tex/generic/pgf/math\pgfmath.code.tex)
\pgffor@iter=\dimen190
\pgffor@skip=\dimen191
\pgffor@stack=\toks33
\pgffor@toks=\toks34
))
(C:\Program Files\MiKTeX\tex/generic/pgf/frontendlayer/tikz\tikz.code.tex
Package: tikz 2021/05/15 v3.1.9a (3.1.9a)

(C:\Program Files\MiKTeX\tex/generic/pgf/libraries\pgflibraryplothandlers.code.
tex
File: pgflibraryplothandlers.code.tex 2021/05/15 v3.1.9a (3.1.9a)
\pgf@plot@mark@count=\count277
\pgfplotmarksize=\dimen192
)
\tikz@lastx=\dimen193
\tikz@lasty=\dimen194
\tikz@lastxsaved=\dimen195
\tikz@lastysaved=\dimen196
\tikz@lastmovetox=\dimen197
\tikz@lastmovetoy=\dimen198
\tikzleveldistance=\dimen199
\tikzsiblingdistance=\dimen256
\tikz@figbox=\box67
\tikz@figbox@bg=\box68
\tikz@tempbox=\box69
\tikz@tempbox@bg=\box70
\tikztreelevel=\count278
\tikznumberofchildren=\count279
\tikznumberofcurrentchild=\count280
\tikz@fig@count=\count281
 (C:\Program Files\MiKTeX\tex/generic/pgf/modules\pgfmodulematrix.code.tex
File: pgfmodulematrix.code.tex 2021/05/15 v3.1.9a (3.1.9a)
\pgfmatrixcurrentrow=\count282
\pgfmatrixcurrentcolumn=\count283
\pgf@matrix@numberofcolumns=\count284
)
\tikz@expandcount=\count285

(C:\Program Files\MiKTeX\tex/generic/pgf/frontendlayer/tikz/libraries\tikzlibra
rytopaths.code.tex
File: tikzlibrarytopaths.code.tex 2021/05/15 v3.1.9a (3.1.9a)
)))
\tcb@waterbox=\box71

(C:\Program Files\MiKTeX\tex/latex/tcolorbox\tcbskinsjigsaw.code.tex
Library (tcolorbox): 'tcbskinsjigsaw.code.tex' version '5.0.2'
)) (C:\Program Files\MiKTeX\tex/latex/tcolorbox\tcbbreakable.code.tex
Library (tcolorbox): 'tcbbreakable.code.tex' version '5.0.2'
(C:\Program Files\MiKTeX\tex/generic/oberdiek\pdfcol.sty
Package: pdfcol 2019/12/29 v1.6 Handle new color stacks for pdfTeX (HO)

(C:\Users\diemer\AppData\Roaming\MiKTeX\tex/generic/ltxcmds\ltxcmds.sty
Package: ltxcmds 2020-05-10 v1.25 LaTeX kernel commands for general use (HO)
)
(C:\Users\diemer\AppData\Roaming\MiKTeX\tex/generic/infwarerr\infwarerr.sty
Package: infwarerr 2019/12/03 v1.5 Providing info/warning/error messages (HO)
)
Package pdfcol Info: Interface disabled because of missing PDF mode of pdfTeX.
)
Package pdfcol Info: pdfTeX's color stacks are not available.
\tcb@testbox=\box72
\tcb@totalupperbox=\box73
\tcb@totallowerbox=\box74
)
(C:\Program Files\MiKTeX\tex/latex/tcolorbox\tcbraster.code.tex
Library (tcolorbox): 'tcbraster.code.tex' version '5.0.2'
\c@tcbrastercolumn=\count286
\c@tcbrasterrow=\count287
\c@tcbrasternum=\count288
\c@tcbraster=\count289
) (C:\Program Files\MiKTeX\tex/latex/tcolorbox\tcbxparse.code.tex
Library (tcolorbox): 'tcbxparse.code.tex' version '5.0.2'
(C:\Program Files\MiKTeX\tex/latex/l3packages/xparse\xparse.sty
(C:\Program Files\MiKTeX\tex/latex/l3kernel\expl3.sty
Package: expl3 2022-04-29 L3 programming layer (loader) 

(C:\Program Files\MiKTeX\tex/latex/l3backend\l3backend-xetex.def
File: l3backend-xetex.def 2022-04-20 L3 backend support: XeTeX
\g__graphics_track_int=\count290
\l__pdf_internal_box=\box75
\g__pdf_backend_object_int=\count291
\g__pdf_backend_annotation_int=\count292
\g__pdf_backend_link_int=\count293
))
Package: xparse 2022-01-12 L3 Experimental document command parser
))
(C:\Program Files\MiKTeX\tex/generic/pgf/frontendlayer/tikz/libraries\tikzlibra
rycalc.code.tex
File: tikzlibrarycalc.code.tex 2021/05/15 v3.1.9a (3.1.9a)
)
(C:\Users\diemer\AppData\Roaming\MiKTeX\tex/latex/xstring\xstring.sty
(C:\Users\diemer\AppData\Roaming\MiKTeX\tex/generic/xstring\xstring.tex
\integerpart=\count294
\decimalpart=\count295
)
Package: xstring 2021/07/21 v1.84 String manipulations (CT)
)
(C:\Users\diemer\AppData\Roaming\MiKTeX\tex/latex/xltxtra\xltxtra.sty
Package: xltxtra 2018/12/31 v0.7 Improvements for the "XeLaTeX" format

(C:\Program Files\MiKTeX\tex/latex/fontspec\fontspec.sty
Package: fontspec 2022/01/15 v2.8a Font selection for XeLaTeX and LuaLaTeX

(C:\Program Files\MiKTeX\tex/latex/fontspec\fontspec-xetex.sty
Package: fontspec-xetex 2022/01/15 v2.8a Font selection for XeLaTeX and LuaLaTe
X
\l__fontspec_script_int=\count296
\l__fontspec_language_int=\count297
\l__fontspec_strnum_int=\count298
\l__fontspec_tmp_int=\count299
\l__fontspec_tmpa_int=\count300
\l__fontspec_tmpb_int=\count301
\l__fontspec_tmpc_int=\count302
\l__fontspec_em_int=\count303
\l__fontspec_emdef_int=\count304
\l__fontspec_strong_int=\count305
\l__fontspec_strongdef_int=\count306
\l__fontspec_tmpa_dim=\dimen257
\l__fontspec_tmpb_dim=\dimen258
\l__fontspec_tmpc_dim=\dimen259

(C:\Program Files\MiKTeX\tex/latex/base\fontenc.sty
Package: fontenc 2021/04/29 v2.0v Standard LaTeX package
)
(C:\Program Files\MiKTeX\tex/latex/fontspec\fontspec.cfg)))
(C:\Users\diemer\AppData\Roaming\MiKTeX\tex/latex/realscripts\realscripts.sty
Package: realscripts 2016/02/13 v0.3d Access OpenType subscripts and superscrip
ts
\subsupersep=\dimen260
)
(C:\Users\diemer\AppData\Roaming\MiKTeX\tex/latex/metalogo\metalogo.sty
Package: metalogo 2010/05/29 v0.12 Extended TeX logo macros
\xl@everylogo=\toks35
\xl@@everylogo=\toks36
LaTeX Info: Redefining \TeX on input line 193.
LaTeX Info: Redefining \LaTeX on input line 202.
LaTeX Info: Redefining \LaTeXe on input line 219.
)
\l__xetex_show_hyphens_wrapping_box=\box76
\l__xetex_show_hyphens_temp_box=\box77
\l__xetex_show_hyphens_final_box=\box78
\g__xetex_show_hyphens_word_box=\box79
)
(C:\Users\diemer\AppData\Roaming\MiKTeX\tex/latex/inconsolata\zi4.sty
Package: zi4 2019/05/17 v1.12

`inconsolata-zi4' v1.12, 2019/05/17 Text macros for Inconsolata (msharpe)
(C:\Program Files\MiKTeX\tex/latex/base\textcomp.sty
Package: textcomp 2020/02/02 v2.0n Standard LaTeX package
)
(C:\Program Files\MiKTeX\tex/latex/xkeyval\xkeyval.sty
Package: xkeyval 2020/11/20 v2.8 package option processing (HA)

(C:\Program Files\MiKTeX\tex/generic/xkeyval\xkeyval.tex
(C:\Program Files\MiKTeX\tex/generic/xkeyval\xkvutils.tex
\XKV@toks=\toks37
\XKV@tempa@toks=\toks38
)
\XKV@depth=\count307
File: xkeyval.tex 2014/12/03 v2.7a key=value parser (HA)
))
\zifour@ocount=\count308
)

Package fontspec Info: Font family 'Inconsolatazi4-Regular.otf(0)' created for
(fontspec)             font 'Inconsolatazi4-Regular.otf' with options
(fontspec)             [WordSpace={1,0,0},HyphenChar=None,PunctuationSpace=Word
Space,BoldFont=Inconsolatazi4-Bold.otf,StylisticSet={1,3}].
(fontspec)              
(fontspec)              This font family consists of the following NFSS
(fontspec)             series/shapes:
(fontspec)              
(fontspec)             - 'normal' (m/n) with NFSS spec.:
(fontspec)             <->"[Inconsolatazi4-Regular.otf]/OT:script=latn;language
=dflt;+ss01;+ss03;"
(fontspec)             - 'small caps'  (m/sc) with NFSS spec.: 
(fontspec)             and font adjustment code:
(fontspec)             \fontdimen 2\font =1\fontdimen 2\font \fontdimen 3\font
(fontspec)             =0\fontdimen 3\font \fontdimen 4\font =0\fontdimen
(fontspec)             4\font \fontdimen 7\font =0\fontdimen 2\font
(fontspec)             \tex_hyphenchar:D \font =-1\scan_stop: 
(fontspec)             - 'bold' (b/n) with NFSS spec.:
(fontspec)             <->"[Inconsolatazi4-Bold.otf]/OT:script=latn;language=df
lt;+ss01;+ss03;"
(fontspec)             - 'bold small caps'  (b/sc) with NFSS spec.: 
(fontspec)             and font adjustment code:
(fontspec)             \fontdimen 2\font =1\fontdimen 2\font \fontdimen 3\font
(fontspec)             =0\fontdimen 3\font \fontdimen 4\font =0\fontdimen
(fontspec)             4\font \fontdimen 7\font =0\fontdimen 2\font
(fontspec)             \tex_hyphenchar:D \font =-1\scan_stop: 


(C:\Users\diemer\AppData\Roaming\MiKTeX\tex/latex/polyglossia\polyglossia.sty
Package: polyglossia 2022/04/20 v1.56 Modern multilingual typesetting with XeLa
TeX and LuaLaTeX

(C:\Users\diemer\AppData\Roaming\MiKTeX\tex/latex/makecmds\makecmds.sty
Package: makecmds 2009/09/03 v1.0a extra command making commands
)
(C:\Program Files\MiKTeX\tex/latex/l3packages/l3keys2e\l3keys2e.sty
Package: l3keys2e 2022-01-12 LaTeX2e option processing using LaTeX3 keys
)
\xpg@normalclass=\XeTeXcharclass1

(C:\Users\diemer\AppData\Roaming\MiKTeX\tex/latex/polyglossia\gloss-latex.lde
Package: gloss-latex 2021/07/10 vv1.53 polyglossia: module for default language

The property list \polyglossia@langsetup contains the pairs (without outer
braces):
>  {latex/script}  =>  {latin}
>  {latex/lcscript}  =>  {latin}
>  {latex/scripttag}  =>  {}
>  {latex/language}  =>  {Latex}
>  {latex/langtag}  =>  {ENG}
>  {latex/bcp47}  =>  {}
>  {latex/hyphennames}  =>  {english}
>  {latex/direction}  =>  {LR}
>  {latex/hyphenmins}  =>  {2,3}
>  {latex/frenchspacing}  =>  {false}
>  {latex/indentfirst}  =>  {false}
>  {latex/fontsetup}  =>  {true}
>  {latex/envname}  =>  {latex}
>  {latex/babelname}  =>  {latex}
>  {latex/localnumeral}  =>  {polyglossia@C@localnumeral}
>  {latex/Localnumeral}  =>  {polyglossia@C@localnumeral}
>  {latex/DefineCommandsCmd}  =>  {use_none:n}.
)
Package polyglossia Info: Default language is latex.
)
(C:\Users\diemer\AppData\Roaming\MiKTeX\tex/latex/polyglossia\gloss-english.ldf
File: gloss-english.ldf polyglossia: module for english
The property list \polyglossia@langsetup contains the pairs (without outer
braces):
>  {latex/script}  =>  {latin}
>  {latex/lcscript}  =>  {latin}
>  {latex/scripttag}  =>  {}
>  {latex/language}  =>  {Latex}
>  {latex/langtag}  =>  {ENG}
>  {latex/bcp47}  =>  {}
>  {latex/hyphennames}  =>  {english}
>  {latex/direction}  =>  {LR}
>  {latex/hyphenmins}  =>  {2,3}
>  {latex/frenchspacing}  =>  {false}
>  {latex/indentfirst}  =>  {false}
>  {latex/fontsetup}  =>  {true}
>  {latex/envname}  =>  {latex}
>  {latex/babelname}  =>  {latex}
>  {latex/localnumeral}  =>  {polyglossia@C@localnumeral}
>  {latex/Localnumeral}  =>  {polyglossia@C@localnumeral}
>  {latex/DefineCommandsCmd}  =>  {use_none:n}
>  {english/script}  =>  {latin}
>  {english/lcscript}  =>  {latin}
>  {english/scripttag}  =>  {}
>  {english/language}  =>  {English}
>  {english/langtag}  =>  {ENG}
>  {english/bcp47}  =>  {en-US}
>  {english/hyphennames}  =>  {english,american,usenglish,USenglish}
>  {english/direction}  =>  {LR}
>  {english/hyphenmins}  =>  {2,3}
>  {english/frenchspacing}  =>  {false}
>  {english/indentfirst}  =>  {false}
>  {english/fontsetup}  =>  {true}
>  {english/envname}  =>  {english}
>  {english/babelname}  =>  {english}
>  {english/localnumeral}  =>  {polyglossia@C@localnumeral}
>  {english/Localnumeral}  =>  {polyglossia@C@localnumeral}
>  {english/DefineCommandsCmd}  =>  {xpg_define_language_commands:e}.
Package polyglossia Info: Option: English, variant=american.
)
Package polyglossia Info: Option: english variant=american (with additional pat
terns).
Package polyglossia Info: Option: english variant=american (with additional pat
terns).
Package polyglossia Info: Default language is english.
Package polyglossia Info: Option: english variant=american (with additional pat
terns).
 (C:\Users\diemer\AppData\Roaming\MiKTeX\tex/latex/microtype\microtype.sty
Package: microtype 2022/03/14 v3.0d Micro-typographical refinements (RS)
\MT@toks=\toks39
\MT@tempbox=\box80
\MT@count=\count309
LaTeX Info: Redefining \noprotrusionifhmode on input line 1027.
LaTeX Info: Redefining \leftprotrusion on input line 1028.
LaTeX Info: Redefining \rightprotrusion on input line 1036.
LaTeX Info: Redefining \textls on input line 1195.
\MT@outer@kern=\dimen261
LaTeX Info: Redefining \textmicrotypecontext on input line 1781.
\MT@listname@count=\count310

(C:\Users\diemer\AppData\Roaming\MiKTeX\tex/latex/microtype\microtype-xetex.def
File: microtype-xetex.def 2022/03/14 v3.0d Definitions specific to xetex (RS)
LaTeX Info: Redefining \lsstyle on input line 236.
)
Package microtype Info: Loading configuration file microtype.cfg.
 (C:\Users\diemer\AppData\Roaming\MiKTeX\tex/latex/microtype\microtype.cfg
File: microtype.cfg 2022/03/14 v3.0d microtype main configuration file (RS)
))
(C:\Program Files\MiKTeX\tex/latex/amsmath\amsmath.sty
Package: amsmath 2021/10/15 v2.17l AMS math features
\@mathmargin=\skip52

For additional information on amsmath, use the `?' option.
(C:\Program Files\MiKTeX\tex/latex/amsmath\amstext.sty
Package: amstext 2021/08/26 v2.01 AMS text

(C:\Program Files\MiKTeX\tex/latex/amsmath\amsgen.sty
File: amsgen.sty 1999/11/30 v2.0 generic functions
\@emptytoks=\toks40
\ex@=\dimen262
))
(C:\Program Files\MiKTeX\tex/latex/amsmath\amsbsy.sty
Package: amsbsy 1999/11/29 v1.2d Bold Symbols
\pmbraise@=\dimen263
)
(C:\Program Files\MiKTeX\tex/latex/amsmath\amsopn.sty
Package: amsopn 2021/08/26 v2.02 operator names
)
\inf@bad=\count311
LaTeX Info: Redefining \frac on input line 234.
\uproot@=\count312
\leftroot@=\count313
LaTeX Info: Redefining \overline on input line 399.
\classnum@=\count314
\DOTSCASE@=\count315
LaTeX Info: Redefining \ldots on input line 496.
LaTeX Info: Redefining \dots on input line 499.
LaTeX Info: Redefining \cdots on input line 620.
\Mathstrutbox@=\box81
\strutbox@=\box82
\big@size=\dimen264
LaTeX Font Info:    Redeclaring font encoding OML on input line 743.
LaTeX Font Info:    Redeclaring font encoding OMS on input line 744.
\macc@depth=\count316
\c@MaxMatrixCols=\count317
\dotsspace@=\muskip16
\c@parentequation=\count318
\dspbrk@lvl=\count319
\tag@help=\toks41
\row@=\count320
\column@=\count321
\maxfields@=\count322
\andhelp@=\toks42
\eqnshift@=\dimen265
\alignsep@=\dimen266
\tagshift@=\dimen267
\tagwidth@=\dimen268
\totwidth@=\dimen269
\lineht@=\dimen270
\@envbody=\toks43
\multlinegap=\skip53
\multlinetaggap=\skip54
\mathdisplay@stack=\toks44
LaTeX Info: Redefining \[ on input line 2938.
LaTeX Info: Redefining \] on input line 2939.
)
(C:\Program Files\MiKTeX\tex/latex/amsmath\amscd.sty
Package: amscd 2017/04/14 v2.1 AMS Commutative Diagrams
\athelp@=\toks45
\minaw@=\dimen271
\bigaw@=\dimen272
\minCDarrowwidth=\dimen273
)
(C:\Program Files\MiKTeX\tex/latex/amsfonts\amssymb.sty
Package: amssymb 2013/01/14 v3.01 AMS font symbols

(C:\Program Files\MiKTeX\tex/latex/amsfonts\amsfonts.sty
Package: amsfonts 2013/01/14 v3.01 Basic AMSFonts support
\symAMSa=\mathgroup4
\symAMSb=\mathgroup5
LaTeX Font Info:    Redeclaring math symbol \hbar on input line 98.
LaTeX Font Info:    Overwriting math alphabet `\mathfrak' in version `bold'
(Font)                  U/euf/m/n --> U/euf/b/n on input line 106.
))
(C:\Users\diemer\AppData\Roaming\MiKTeX\tex/latex/titlesec\titlesec.sty
Package: titlesec 2021/07/05 v2.14 Sectioning titles
\ttl@box=\box83
\beforetitleunit=\skip55
\aftertitleunit=\skip56
\ttl@plus=\dimen274
\ttl@minus=\dimen275
\ttl@toksa=\toks46
\titlewidth=\dimen276
\titlewidthlast=\dimen277
\titlewidthfirst=\dimen278

(C:\Users\diemer\AppData\Roaming\MiKTeX\tex/latex/titlesec\titleps.sty))
(C:\Users\diemer\AppData\Roaming\MiKTeX\tex/latex/titlesec\titletoc.sty
Package: titletoc 2021/07/05 v2.14 TOC entries
\ttl@leftsep=\dimen279
)
\c@ttlp@side=\count323
\ttlp@side=\count324
\Oldarrayrulewidth=\skip57

(C:\Program Files\MiKTeX\tex/latex/tcolorbox\tcblistings.code.tex
Library (tcolorbox): 'tcblistings.code.tex' version '5.0.2'
(C:\Program Files\MiKTeX\tex/latex/listings\listings.sty
\lst@mode=\count325
\lst@gtempboxa=\box84
\lst@token=\toks47
\lst@length=\count326
\lst@currlwidth=\dimen280
\lst@column=\count327
\lst@pos=\count328
\lst@lostspace=\dimen281
\lst@width=\dimen282
\lst@newlines=\count329
\lst@lineno=\count330
\lst@maxwidth=\dimen283

(C:\Program Files\MiKTeX\tex/latex/listings\lstmisc.sty
File: lstmisc.sty 2020/03/24 1.8d (Carsten Heinz)
\c@lstnumber=\count331
\lst@skipnumbers=\count332
\lst@framebox=\box85
)
(C:\Program Files\MiKTeX\tex/latex/listings\listings.cfg
File: listings.cfg 2020/03/24 1.8d listings configuration
))
Package: listings 2020/03/24 1.8d (Carsten Heinz)

(C:\Program Files\MiKTeX\tex/latex/tcolorbox\tcblistingscore.code.tex
Library (tcolorbox): 'tcblistingscore.code.tex' version '5.0.2'
(C:\Program Files\MiKTeX\tex/latex/tcolorbox\tcbprocessing.code.tex
Library (tcolorbox): 'tcbprocessing.code.tex' version '5.0.2'
(C:\Program Files\MiKTeX\tex/generic/pdftexcmds\pdftexcmds.sty
Package: pdftexcmds 2020-06-27 v0.33 Utility functions of pdfTeX for LuaTeX (HO
)
Package pdftexcmds Info: \pdf@primitive is available.
Package pdftexcmds Info: \pdf@ifprimitive is available.
Package pdftexcmds Info: \pdfdraftmode not found.
)
(C:\Users\diemer\AppData\Roaming\MiKTeX\tex/latex/tools\shellesc.sty
Package: shellesc 2019/11/08 v1.0c unified shell escape interface for LaTeX
Package shellesc Info: Restricted shell escape enabled on input line 77.
))
\c@tcblisting=\count333
))
(C:\Users\diemer\AppData\Roaming\MiKTeX\tex/latex/fancyvrb\fancyvrb.sty
Package: fancyvrb 2022/04/12 4.2 verbatim text (tvz,hv)
\FV@CodeLineNo=\count334
\FV@InFile=\read4
\FV@TabBox=\box86
\c@FancyVerbLine=\count335
\FV@StepNumber=\count336
\FV@OutFile=\write4
)
(C:\Users\diemer\AppData\Roaming\MiKTeX\tex/latex/enumitem\enumitem.sty
Package: enumitem 2019/06/20 v3.9 Customized lists
\labelindent=\skip58
\enit@outerparindent=\dimen284
\enit@toks=\toks48
\enit@inbox=\box87
\enit@count@id=\count337
\enitdp@description=\count338
)
\egindent=\skip59
\exggap=\skip60

(C:\Users\diemer\AppData\Roaming\MiKTeX\tex/latex/imakeidx\imakeidx.sty
Package: imakeidx 2016/10/15 v1.3e Package for typesetting indices in a synchro
nous mode

(C:\Users\diemer\AppData\Roaming\MiKTeX\tex/latex/tools\multicol.sty
Package: multicol 2021/10/28 v1.9b multicolumn formatting (FMi)
\c@tracingmulticols=\count339
\mult@box=\box88
\multicol@leftmargin=\dimen285
\c@unbalance=\count340
\c@collectmore=\count341
\doublecol@number=\count342
\multicoltolerance=\count343
\multicolpretolerance=\count344
\full@width=\dimen286
\page@free=\dimen287
\premulticols=\dimen288
\postmulticols=\dimen289
\multicolsep=\skip61
\multicolbaselineskip=\skip62
\partial@page=\box89
\last@line=\box90
\maxbalancingoverflow=\dimen290
\mult@rightbox=\box91
\mult@grightbox=\box92
\mult@firstbox=\box93
\mult@gfirstbox=\box94
\@tempa=\box95
\@tempa=\box96
\@tempa=\box97
\@tempa=\box98
\@tempa=\box99
\@tempa=\box100
\@tempa=\box101
\@tempa=\box102
\@tempa=\box103
\@tempa=\box104
\@tempa=\box105
\@tempa=\box106
\@tempa=\box107
\@tempa=\box108
\@tempa=\box109
\@tempa=\box110
\@tempa=\box111
\@tempa=\box112
\@tempa=\box113
\@tempa=\box114
\@tempa=\box115
\@tempa=\box116
\@tempa=\box117
\@tempa=\box118
\@tempa=\box119
\@tempa=\box120
\@tempa=\box121
\@tempa=\box122
\@tempa=\box123
\@tempa=\box124
\@tempa=\box125
\@tempa=\box126
\@tempa=\box127
\@tempa=\box128
\@tempa=\box129
\@tempa=\box130
\c@minrows=\count345
\c@columnbadness=\count346
\c@finalcolumnbadness=\count347
\last@try=\dimen291
\multicolovershoot=\dimen292
\multicolundershoot=\dimen293
\mult@nat@firstbox=\box131
\colbreak@box=\box132
\mc@col@check@num=\count348
))
\main@idxfile=\write5
\openout5 = `main.idx'.


Writing index file main.idx
(C:\Program Files\MiKTeX\tex/latex/hyperref\hyperref.sty
Package: hyperref 2022-02-21 v7.00n Hypertext links for LaTeX

(C:\Users\diemer\AppData\Roaming\MiKTeX\tex/generic/kvsetkeys\kvsetkeys.sty
Package: kvsetkeys 2019/12/15 v1.18 Key value parser (HO)
)
(C:\Users\diemer\AppData\Roaming\MiKTeX\tex/generic/kvdefinekeys\kvdefinekeys.s
ty
Package: kvdefinekeys 2019-12-19 v1.6 Define keys (HO)
) (C:\Users\diemer\AppData\Roaming\MiKTeX\tex/generic/pdfescape\pdfescape.sty
Package: pdfescape 2019/12/09 v1.15 Implements pdfTeX's escape features (HO)
) (C:\Users\diemer\AppData\Roaming\MiKTeX\tex/latex/hycolor\hycolor.sty
Package: hycolor 2020-01-27 v1.10 Color options for hyperref/bookmark (HO)
)
(C:\Users\diemer\AppData\Roaming\MiKTeX\tex/latex/letltxmacro\letltxmacro.sty
Package: letltxmacro 2019/12/03 v1.6 Let assignment for LaTeX macros (HO)
)
(C:\Users\diemer\AppData\Roaming\MiKTeX\tex/latex/auxhook\auxhook.sty
Package: auxhook 2019-12-17 v1.6 Hooks for auxiliary files (HO)
)
(C:\Users\diemer\AppData\Roaming\MiKTeX\tex/latex/kvoptions\kvoptions.sty
Package: kvoptions 2020-10-07 v3.14 Key value format for package options (HO)
)
\@linkdim=\dimen294
\Hy@linkcounter=\count349
\Hy@pagecounter=\count350

(C:\Program Files\MiKTeX\tex/latex/hyperref\pd1enc.def
File: pd1enc.def 2022-02-21 v7.00n Hyperref: PDFDocEncoding definition (HO)
)
(C:\Users\diemer\AppData\Roaming\MiKTeX\tex/generic/intcalc\intcalc.sty
Package: intcalc 2019/12/15 v1.3 Expandable calculations with integers (HO)
)
(C:\Users\diemer\AppData\Roaming\MiKTeX\tex/generic/etexcmds\etexcmds.sty
Package: etexcmds 2019/12/15 v1.7 Avoid name clashes with e-TeX commands (HO)
)
\Hy@SavedSpaceFactor=\count351

(C:\Program Files\MiKTeX\tex/latex/hyperref\puenc.def
File: puenc.def 2022-02-21 v7.00n Hyperref: PDF Unicode definition (HO)
)
Package hyperref Info: Option `hyperfootnotes' set `false' on input line 4018.
Package hyperref Info: Hyper figures OFF on input line 4137.
Package hyperref Info: Link nesting OFF on input line 4142.
Package hyperref Info: Hyper index ON on input line 4145.
Package hyperref Info: Plain pages OFF on input line 4152.
Package hyperref Info: Backreferencing OFF on input line 4157.
Package hyperref Info: Implicit mode ON; LaTeX internals redefined.
Package hyperref Info: Bookmarks ON on input line 4390.
\c@Hy@tempcnt=\count352

(C:\Program Files\MiKTeX\tex/latex/url\url.sty
\Urlmuskip=\muskip17
Package: url 2013/09/16  ver 3.4  Verb mode for urls, etc.
)
LaTeX Info: Redefining \url on input line 4749.
\XeTeXLinkMargin=\dimen295

(C:\Users\diemer\AppData\Roaming\MiKTeX\tex/generic/bitset\bitset.sty
Package: bitset 2019/12/09 v1.3 Handle bit-vector datatype (HO)

(C:\Users\diemer\AppData\Roaming\MiKTeX\tex/generic/bigintcalc\bigintcalc.sty
Package: bigintcalc 2019/12/15 v1.5 Expandable calculations on big integers (HO
)
))
\Fld@menulength=\count353
\Field@Width=\dimen296
\Fld@charsize=\dimen297
Package hyperref Info: Hyper figures OFF on input line 6027.
Package hyperref Info: Link nesting OFF on input line 6032.
Package hyperref Info: Hyper index ON on input line 6035.
Package hyperref Info: backreferencing OFF on input line 6042.
Package hyperref Info: Link coloring OFF on input line 6047.
Package hyperref Info: Link coloring with OCG OFF on input line 6052.
Package hyperref Info: PDF/A mode OFF on input line 6057.
LaTeX Info: Redefining \ref on input line 6097.
LaTeX Info: Redefining \pageref on input line 6101.
(C:\Program Files\MiKTeX\tex/latex/base\atbegshi-ltx.sty
Package: atbegshi-ltx 2021/01/10 v1.0c Emulation of the original atbegshi
package with kernel methods
)
\Hy@abspage=\count354
\c@Item=\count355
)
Package hyperref Info: Driver (autodetected): hxetex.

(C:\Program Files\MiKTeX\tex/latex/hyperref\hxetex.def
File: hxetex.def 2022-02-21 v7.00n Hyperref driver for XeTeX

(C:\Users\diemer\AppData\Roaming\MiKTeX\tex/generic/stringenc\stringenc.sty
Package: stringenc 2019/11/29 v1.12 Convert strings between diff. encodings (HO
)
)
\pdfm@box=\box133
\c@Hy@AnnotLevel=\count356
\HyField@AnnotCount=\count357
\Fld@listcount=\count358
\c@bookmark@seq@number=\count359

(C:\Users\diemer\AppData\Roaming\MiKTeX\tex/latex/rerunfilecheck\rerunfilecheck
.sty
Package: rerunfilecheck 2019/12/05 v1.9 Rerun checks for auxiliary files (HO)
 (C:\Program Files\MiKTeX\tex/latex/base\atveryend-ltx.sty
Package: atveryend-ltx 2020/08/19 v1.0a Emulation of the original atveryend pac
kage
with kernel methods
)
(C:\Users\diemer\AppData\Roaming\MiKTeX\tex/generic/uniquecounter\uniquecounter
.sty
Package: uniquecounter 2019/12/15 v1.4 Provide unlimited unique counter (HO)
)
Package uniquecounter Info: New unique counter `rerunfilecheck' on input line 2
86.
)
\Hy@SectionHShift=\skip63
)

Package hyperref Warning: Unexpected value for option `hidelinks'
(hyperref)                is ignored on input line 583.

\c@tcb@cnt@block=\count360
\c@tcb@cnt@project-distinct=\count361
\c@tcb@cnt@subdisplay=\count362
(C:\Program Files\MiKTeX\tex/latex/venndiagram\venndiagram.sty
Package: venndiagram 2018/06/07 v1.2 (NLCT) Venn diagrams
\@venn@Ax=\skip64
\@venn@Ay=\skip65
\@venn@Bx=\skip66
\@venn@By=\skip67
\@venn@Cx=\skip68
\@venn@Cy=\skip69
\@venn@w=\skip70
\@venn@h=\skip71
\@venn@intersect@i@x=\skip72
\@venn@intersect@i@y=\skip73
\@venn@intersect@ii@x=\skip74
\@venn@intersect@ii@y=\skip75
)
(C:\Users\diemer\AppData\Roaming\MiKTeX\tex/latex/circuitikz\circuitikz.sty
Package: circuitikz 2022/02/26{} The CircuiTikz circuit drawing package version
 1.5.1

(C:\Program Files\MiKTeX\tex/generic/pgf/libraries\pgflibraryarrows.meta.code.t
ex
File: pgflibraryarrows.meta.code.tex 2021/05/15 v3.1.9a (3.1.9a)
\pgfarrowinset=\dimen298
\pgfarrowlength=\dimen299
\pgfarrowwidth=\dimen300
\pgfarrowlinewidth=\dimen301
)
(C:\Program Files\MiKTeX\tex/generic/pgf/frontendlayer/tikz/libraries\tikzlibra
rybending.code.tex
File: tikzlibrarybending.code.tex 2021/05/15 v3.1.9a (3.1.9a)

(C:\Program Files\MiKTeX\tex/generic/pgf/modules\pgfmodulebending.code.tex
File: pgfmodulebending.code.tex 2021/05/15 v3.1.9a (3.1.9a)

(C:\Program Files\MiKTeX\tex/generic/pgf/modules\pgfmodulenonlineartransformati
ons.code.tex
File: pgfmodulenonlineartransformations.code.tex 2021/05/15 v3.1.9a (3.1.9a)
\pgftransformnonlinearflatness=\dimen302
)
(C:\Program Files\MiKTeX\tex/generic/pgf/libraries\pgflibrarycurvilinear.code.t
ex
File: pgflibrarycurvilinear.code.tex 2021/05/15 v3.1.9a (3.1.9a)
\pgf@curvilinear@time@a=\dimen303
\pgf@curvilinear@length@a=\dimen304
\pgf@curvilinear@length@b=\dimen305
\pgf@curvilinear@length@c=\dimen306
\pgf@curvilinear@length@d=\dimen307
)
\pgf@arrows@the@rigidity=\dimen308
))
(C:\Program Files\MiKTeX\tex/generic/pgf/frontendlayer/tikz/libraries\tikzlibra
ryfpu.code.tex
(C:\Program Files\MiKTeX\tex/generic/pgf/libraries\pgflibraryfpu.code.tex))
(C:\Users\diemer\AppData\Roaming\MiKTeX\tex/generic/circuitikz\pgfcirc.defines.
tex
\pgf@circ@count@a=\count363
\pgf@circ@count@b=\count364
\pgf@circ@count@c=\count365
\pgf@circ@res@up=\dimen309
\pgf@circ@res@down=\dimen310
\pgf@circ@res@zero=\dimen311
\pgf@circ@res@left=\dimen312
\pgf@circ@res@right=\dimen313
\pgf@circ@res@other=\dimen314
\pgf@circ@res@step=\dimen315
\pgf@circ@res@temp=\dimen316
\pgf@circ@Rlen=\dimen317
\pgf@circ@scaled@Rlen=\dimen318
\pgfstartlinewidth=\dimen319
)
(C:\Users\diemer\AppData\Roaming\MiKTeX\tex/generic/circuitikz\pgfcircutils.tex
\ctikz@scratchbox=\box134
)
(C:\Users\diemer\AppData\Roaming\MiKTeX\tex/generic/circuitikz\pgfcircpath.tex)

(C:\Users\diemer\AppData\Roaming\MiKTeX\tex/generic/circuitikz\pgfcircshapes.te
x)
(C:\Users\diemer\AppData\Roaming\MiKTeX\tex/generic/circuitikz\pgfcircmonopoles
.tex)
(C:\Users\diemer\AppData\Roaming\MiKTeX\tex/generic/circuitikz\pgfcircbipoles.t
ex)
(C:\Users\diemer\AppData\Roaming\MiKTeX\tex/generic/circuitikz\pgfcirctripoles.
tex
\pgf@circ@res@count=\count366
)
(C:\Users\diemer\AppData\Roaming\MiKTeX\tex/generic/circuitikz\pgfcircquadpoles
.tex)
(C:\Users\diemer\AppData\Roaming\MiKTeX\tex/generic/circuitikz\pgfcircmultipole
s.tex)
(C:\Users\diemer\AppData\Roaming\MiKTeX\tex/generic/circuitikz\pgfcirclabel.tex
)
(C:\Users\diemer\AppData\Roaming\MiKTeX\tex/generic/circuitikz\pgfcircvoltage.t
ex
\pgfcirc@labelshift=\dimen320
)
(C:\Users\diemer\AppData\Roaming\MiKTeX\tex/generic/circuitikz\pgfcirccurrent.t
ex)
(C:\Users\diemer\AppData\Roaming\MiKTeX\tex/generic/circuitikz\pgfcircflow.tex)
) (C:\Users\diemer\AppData\Roaming\MiKTeX\tex/latex/extpfeil\extpfeil.sty
Invalid UTF-8 byte or sequence at line 17 replaced by U+FFFD.
Invalid UTF-8 byte or sequence at line 18 replaced by U+FFFD.
Invalid UTF-8 byte or sequence at line 20 replaced by U+FFFD.
Invalid UTF-8 byte or sequence at line 27 replaced by U+FFFD.
Invalid UTF-8 byte or sequence at line 31 replaced by U+FFFD.
Invalid UTF-8 byte or sequence at line 31 replaced by U+FFFD.
Invalid UTF-8 byte or sequence at line 32 replaced by U+FFFD.
Invalid UTF-8 byte or sequence at line 33 replaced by U+FFFD.
Package: extpfeil 2009/10/31 v0.4 Extensible Pfeile (PE)

(C:\Users\diemer\AppData\Roaming\MiKTeX\tex/latex/mathtools\mathtools.sty
Package: mathtools 2022/02/07 v1.28a mathematical typesetting tools

(C:\Users\diemer\AppData\Roaming\MiKTeX\tex/latex/tools\calc.sty
Package: calc 2017/05/25 v4.3 Infix arithmetic (KKT,FJ)
\calc@Acount=\count367
\calc@Bcount=\count368
\calc@Adimen=\dimen321
\calc@Bdimen=\dimen322
\calc@Askip=\skip76
\calc@Bskip=\skip77
LaTeX Info: Redefining \setlength on input line 80.
LaTeX Info: Redefining \addtolength on input line 81.
\calc@Ccount=\count369
\calc@Cskip=\skip78
)
(C:\Users\diemer\AppData\Roaming\MiKTeX\tex/latex/mathtools\mhsetup.sty
Package: mhsetup 2021/03/18 v1.4 programming setup (MH)
)
\g_MT_multlinerow_int=\count370
\l_MT_multwidth_dim=\dimen323
\origjot=\skip79
\l_MT_shortvdotswithinadjustabove_dim=\dimen324
\l_MT_shortvdotswithinadjustbelow_dim=\dimen325
\l_MT_above_intertext_sep=\dimen326
\l_MT_below_intertext_sep=\dimen327
\l_MT_above_shortintertext_sep=\dimen328
\l_MT_below_shortintertext_sep=\dimen329
\xmathstrut@box=\box135
\xmathstrut@dim=\dimen330
)
(C:\Users\diemer\AppData\Roaming\MiKTeX\tex/latex/stmaryrd\stmaryrd.sty
Package: stmaryrd 1994/03/03 St Mary's Road symbol package
\symstmry=\mathgroup6
LaTeX Font Info:    Overwriting symbol font `stmry' in version `bold'
(Font)                  U/stmry/m/n --> U/stmry/b/n on input line 89.
))
(main.aux
Package polyglossia Info: Option: english variant=american (with additional pat
terns).
Package polyglossia Info: Option: english variant=american (with additional pat
terns).
LaTeX Info: Redefining \rmfamily on input line 19.
LaTeX Info: Redefining \sffamily on input line 19.
LaTeX Info: Redefining \ttfamily on input line 19.
Package polyglossia Info: Option: english variant=american (with additional pat
terns).
Package polyglossia Info: Option: english variant=american (with additional pat
terns).
)
\openout1 = `main.aux'.

LaTeX Font Info:    Checking defaults for OML/cmm/m/it on input line 711.
LaTeX Font Info:    ... okay on input line 711.
LaTeX Font Info:    Checking defaults for OMS/cmsy/m/n on input line 711.
LaTeX Font Info:    ... okay on input line 711.
LaTeX Font Info:    Checking defaults for OT1/cmr/m/n on input line 711.
LaTeX Font Info:    ... okay on input line 711.
LaTeX Font Info:    Checking defaults for T1/cmr/m/n on input line 711.
LaTeX Font Info:    ... okay on input line 711.
LaTeX Font Info:    Checking defaults for TS1/cmr/m/n on input line 711.
LaTeX Font Info:    Trying to load font information for TS1+cmr on input line 7
11.
 (C:\Program Files\MiKTeX\tex/latex/base\ts1cmr.fd
File: ts1cmr.fd 2019/12/16 v2.5j Standard LaTeX font definitions
)
LaTeX Font Info:    ... okay on input line 711.
LaTeX Font Info:    Checking defaults for TU/lmr/m/n on input line 711.
LaTeX Font Info:    ... okay on input line 711.
LaTeX Font Info:    Checking defaults for OMX/cmex/m/n on input line 711.
LaTeX Font Info:    ... okay on input line 711.
LaTeX Font Info:    Checking defaults for U/cmr/m/n on input line 711.
LaTeX Font Info:    ... okay on input line 711.
LaTeX Font Info:    Checking defaults for PD1/pdf/m/n on input line 711.
LaTeX Font Info:    ... okay on input line 711.
LaTeX Font Info:    Checking defaults for PU/pdf/m/n on input line 711.
LaTeX Font Info:    ... okay on input line 711.

*geometry* driver: auto-detecting
*geometry* detected driver: xetex
*geometry* verbose mode - [ preamble ] result:
* driver: xetex
* paper: letterpaper
* layout: <same size as paper>
* layoutoffset:(h,v)=(0.0pt,0.0pt)
* modes: twoside 
* h-part:(L,W,R)=(109.71799pt, 340.0pt, 164.57701pt)
* v-part:(T,H,B)=(57.81598pt, 650.43pt, 86.72401pt)
* \paperwidth=614.295pt
* \paperheight=794.96999pt
* \textwidth=340.0pt
* \textheight=650.43pt
* \oddsidemargin=37.448pt
* \evensidemargin=92.30702pt
* \topmargin=-44.5215pt
* \headheight=12.0pt
* \headsep=18.06749pt
* \topskip=10.0pt
* \footskip=25.29494pt
* \marginparwidth=125.0pt
* \marginparsep=7.0pt
* \columnsep=10.0pt
* \skip\footins=9.0pt plus 4.0pt minus 2.0pt
* \hoffset=0.0pt
* \voffset=0.0pt
* \mag=1000
* \@twocolumnfalse
* \@twosidetrue
* \@mparswitchtrue
* \@reversemarginfalse
* (1in=72.27pt=25.4mm, 1cm=28.453pt)


Package fontspec Info: Adjusting the maths setup (use [no-math] to avoid
(fontspec)             this).

\symlegacymaths=\mathgroup7
LaTeX Font Info:    Overwriting symbol font `legacymaths' in version `bold'
(Font)                  OT1/cmr/m/n --> OT1/cmr/bx/n on input line 711.
LaTeX Font Info:    Redeclaring math accent \acute on input line 711.
LaTeX Font Info:    Redeclaring math accent \grave on input line 711.
LaTeX Font Info:    Redeclaring math accent \ddot on input line 711.
LaTeX Font Info:    Redeclaring math accent \tilde on input line 711.
LaTeX Font Info:    Redeclaring math accent \bar on input line 711.
LaTeX Font Info:    Redeclaring math accent \breve on input line 711.
LaTeX Font Info:    Redeclaring math accent \check on input line 711.
LaTeX Font Info:    Redeclaring math accent \hat on input line 711.
LaTeX Font Info:    Redeclaring math accent \dot on input line 711.
LaTeX Font Info:    Redeclaring math accent \mathring on input line 711.
LaTeX Font Info:    Redeclaring math symbol \Gamma on input line 711.
LaTeX Font Info:    Redeclaring math symbol \Delta on input line 711.
LaTeX Font Info:    Redeclaring math symbol \Theta on input line 711.
LaTeX Font Info:    Redeclaring math symbol \Lambda on input line 711.
LaTeX Font Info:    Redeclaring math symbol \Xi on input line 711.
LaTeX Font Info:    Redeclaring math symbol \Pi on input line 711.
LaTeX Font Info:    Redeclaring math symbol \Sigma on input line 711.
LaTeX Font Info:    Redeclaring math symbol \Upsilon on input line 711.
LaTeX Font Info:    Redeclaring math symbol \Phi on input line 711.
LaTeX Font Info:    Redeclaring math symbol \Psi on input line 711.
LaTeX Font Info:    Redeclaring math symbol \Omega on input line 711.
LaTeX Font Info:    Redeclaring math symbol \mathdollar on input line 711.
LaTeX Font Info:    Redeclaring symbol font `operators' on input line 711.
LaTeX Font Info:    Encoding `OT1' has changed to `TU' for symbol font
(Font)              `operators' in the math version `normal' on input line 711.

LaTeX Font Info:    Overwriting symbol font `operators' in version `normal'
(Font)                  OT1/cmr/m/n --> TU/lmr/m/n on input line 711.
LaTeX Font Info:    Encoding `OT1' has changed to `TU' for symbol font
(Font)              `operators' in the math version `bold' on input line 711.
LaTeX Font Info:    Overwriting symbol font `operators' in version `bold'
(Font)                  OT1/cmr/bx/n --> TU/lmr/m/n on input line 711.
LaTeX Font Info:    Overwriting symbol font `operators' in version `normal'
(Font)                  TU/lmr/m/n --> TU/lmr/m/n on input line 711.
LaTeX Font Info:    Overwriting math alphabet `\mathit' in version `normal'
(Font)                  OT1/cmr/m/it --> TU/lmr/m/it on input line 711.
LaTeX Font Info:    Overwriting math alphabet `\mathbf' in version `normal'
(Font)                  OT1/cmr/bx/n --> TU/lmr/b/n on input line 711.
LaTeX Font Info:    Overwriting math alphabet `\mathsf' in version `normal'
(Font)                  OT1/cmss/m/n --> TU/lmss/m/n on input line 711.
LaTeX Font Info:    Overwriting math alphabet `\mathtt' in version `normal'
(Font)                  OT1/cmtt/m/n --> TU/Inconsolatazi4-Regular.otf(0)/m/n o
n input line 711.
LaTeX Font Info:    Overwriting symbol font `operators' in version `bold'
(Font)                  TU/lmr/m/n --> TU/lmr/b/n on input line 711.
LaTeX Font Info:    Overwriting math alphabet `\mathit' in version `bold'
(Font)                  OT1/cmr/bx/it --> TU/lmr/b/it on input line 711.
LaTeX Font Info:    Overwriting math alphabet `\mathsf' in version `bold'
(Font)                  OT1/cmss/bx/n --> TU/lmss/b/n on input line 711.
LaTeX Font Info:    Overwriting math alphabet `\mathtt' in version `bold'
(Font)                  OT1/cmtt/m/n --> TU/Inconsolatazi4-Regular.otf(0)/b/n o
n input line 711.
(C:\Users\diemer\AppData\Roaming\MiKTeX\tex/latex/upquote\upquote.sty
Package: upquote 2012/04/19 v1.3 upright-quote and grave-accent glyphs in verba
tim
)
The property list \__xpg_alias contains the pairs (without outer braces):
>  {latex/target}  =>  {latex}
>  {english/target}  =>  {english}
>  {en/target}  =>  {english}
>  {en-AU/target}  =>  {english}
>  {en-AU/variant}  =>  {australian}
>  {en-AU/options}  =>  {variant=australian}
>  {en-CA/target}  =>  {english}
>  {en-CA/variant}  =>  {canadian}
>  {en-CA/options}  =>  {variant=canadian}
>  {en-GB/target}  =>  {english}
>  {en-GB/variant}  =>  {british}
>  {en-GB/options}  =>  {variant=british}
>  {en-NZ/target}  =>  {english}
>  {en-NZ/variant}  =>  {newzealand}
>  {en-NZ/options}  =>  {variant=newzealand}
>  {en-US/target}  =>  {english}
>  {en-US/variant}  =>  {us}
>  {en-US/options}  =>  {variant=us}
>  {american/target}  =>  {english}
>  {american/variant}  =>  {us}
>  {american/options}  =>  {variant=us}
>  {australian/target}  =>  {english}
>  {australian/variant}  =>  {australian}
>  {australian/options}  =>  {variant=australian}
>  {british/target}  =>  {english}
>  {british/variant}  =>  {british}
>  {british/options}  =>  {variant=british}
>  {canadian/target}  =>  {english}
>  {canadian/variant}  =>  {canadian}
>  {canadian/options}  =>  {variant=canadian}
>  {newzealand/target}  =>  {english}
>  {newzealand/variant}  =>  {newzealand}
>  {newzealand/options}  =>  {variant=newzealand}.
LaTeX Info: Redefining \microtypecontext on input line 711.
Package microtype Info: Applying patch `item' on input line 711.
Package microtype Info: Applying patch `toc' on input line 711.
Package microtype Info: Applying patch `eqnum' on input line 711.
Package microtype Info: Applying patch `footnote' on input line 711.
Package microtype Info: Character protrusion enabled (level 2).
Package microtype Info: Using default protrusion set `alltext'.
Package microtype Info: No adjustment of tracking.
Package microtype Info: No adjustment of spacing.
Package microtype Info: No adjustment of kerning.

(C:\Users\diemer\AppData\Roaming\MiKTeX\tex/latex/microtype\mt-LatinModernRoman
.cfg
File: mt-LatinModernRoman.cfg 2021/02/21 v1.1 microtype config. file: Latin Mod
ern Roman (RS)
)
\c@lstlisting=\count371
Package hyperref Info: Link coloring OFF on input line 711.
 (C:\Program Files\MiKTeX\tex/latex/hyperref\nameref.sty
Package: nameref 2021-04-02 v2.47 Cross-referencing by name of section

(C:\Users\diemer\AppData\Roaming\MiKTeX\tex/latex/refcount\refcount.sty
Package: refcount 2019/12/15 v3.6 Data extraction from label references (HO)
)
(C:\Users\diemer\AppData\Roaming\MiKTeX\tex/generic/gettitlestring\gettitlestri
ng.sty
Package: gettitlestring 2019/12/15 v1.6 Cleanup title references (HO)
)
\c@section@level=\count372
)
LaTeX Info: Redefining \ref on input line 711.
LaTeX Info: Redefining \pageref on input line 711.
LaTeX Info: Redefining \nameref on input line 711.
 (main.out) (main.out)
\@outlinefile=\write6
\openout6 = `main.out'.

Package polyglossia Info: Option: english variant=american (with additional pat
terns).
Package polyglossia Info: Option: english variant=american (with additional pat
terns).
LaTeX Info: Redefining \rmfamily on input line 711.
LaTeX Info: Redefining \sffamily on input line 711.
LaTeX Info: Redefining \ttfamily on input line 711.
Package polyglossia Info: Option: english variant=american (with additional pat
terns).
Package polyglossia Info: Option: english variant=american (with additional pat
terns).
 [1


] [2

] [3

]
LaTeX Font Info:    Trying to load font information for U+msa on input line 750
.

(C:\Program Files\MiKTeX\tex/latex/amsfonts\umsa.fd
File: umsa.fd 2013/01/14 v3.01 AMS symbols A
)
(C:\Users\diemer\AppData\Roaming\MiKTeX\tex/latex/microtype\mt-msa.cfg
File: mt-msa.cfg 2006/02/04 v1.1 microtype config. file: AMS symbols (a) (RS)
)
LaTeX Font Info:    Trying to load font information for U+msb on input line 750
.

(C:\Program Files\MiKTeX\tex/latex/amsfonts\umsb.fd
File: umsb.fd 2013/01/14 v3.01 AMS symbols B
)
(C:\Users\diemer\AppData\Roaming\MiKTeX\tex/latex/microtype\mt-msb.cfg
File: mt-msb.cfg 2005/06/01 v1.0 microtype config. file: AMS symbols (b) (RS)
)
LaTeX Font Info:    Trying to load font information for U+stmry on input line 7
50.

(C:\Users\diemer\AppData\Roaming\MiKTeX\tex/latex/stmaryrd\ustmry.fd)
(C:\Users\diemer\AppData\Roaming\MiKTeX\tex/latex/microtype\mt-cmr.cfg
File: mt-cmr.cfg 2013/05/19 v2.2 microtype config. file: Computer Modern Roman 
(RS)
)
Package microtype Info: Loading generic protrusion settings for font family
(microtype)             `Inconsolatazi4-Regular.otf' (encoding: TU).
(microtype)             For optimal results, create family-specific settings.
(microtype)             See the microtype manual for details.
File: external/images/by-nc-sa.png Graphic file (type bmp)
<external/images/by-nc-sa.png>

Overfull \hbox (3.04004pt too wide) in paragraph at lines 749--752
\TU/lmr/m/n/10 This work is licensed under the Creative Commons Attribution-Non
Commercial-
 []

[4

] (main.toc
Package polyglossia Info: Option: english variant=american (with additional pat
terns).
Package polyglossia Info: Option: english variant=american (with additional pat
terns).
LaTeX Info: Redefining \rmfamily on input line 1.
LaTeX Info: Redefining \sffamily on input line 1.
LaTeX Info: Redefining \ttfamily on input line 1.
Package polyglossia Info: Option: english variant=american (with additional pat
terns).
Package polyglossia Info: Option: english variant=american (with additional pat
terns).
)
\tf@toc=\write7
\openout7 = `main.toc'.

 [5


] [6

]
************************************************
Chapter 1 Binary, Octal, and Hexadecimal
************************************************
Chapter 1.
************************************************
Section 1.1 Decimal and Octal
************************************************
************************************************
Subsection 1.1.1 Review of the Decimal System
************************************************
[1

]
************************************************
Subsection 1.1.2 Bases Other Than Ten - How They work
************************************************
[2] [3]
************************************************
Subsection 1.1.3 Octal
************************************************
[4] [5]
************************************************
Exercises 1.1.4 Exercises
************************************************

Overfull \hbox (0.11002pt too wide) in paragraph at lines 1127--1151
 [] 
 []

[6]
************************************************
Solutions 1.1.5 Solutions to Section\nobreakspace {}{\relax \ref *{x:section:de
cimal-octal}} Exercises
************************************************
[7] [8]
************************************************
Section 1.2 Binary and Hexadecimal
************************************************
************************************************
Subsection 1.2.1 Binary
************************************************
[9] [10]
************************************************
Subsection 1.2.2 Hexadecimal
************************************************
[11]
************************************************
Exercises 1.2.3 Exercises
************************************************
[12]
************************************************
Solutions 1.2.4 Solutions to Section\nobreakspace {}{\relax \ref *{x:section:bi
nary-hex}} Exercises
************************************************
[13] [14]
************************************************
Section 1.3 Converting Non-Integer Numbers to Decimal
************************************************

Overfull \hbox (1.8991pt too wide) in paragraph at lines 1864--1864
|[]\TU/lmr/bx/n/14.4 Converting Non-Integer Numbers to Decimal| 
 []

************************************************
Subsection 1.3.1 Review of the Decimal System for Non-integers
************************************************

Overfull \hbox (3.39452pt too wide) has occurred while \output is active
\TU/lmr/m/sl/10 SECTION 1.3. CONVERTING NON-INTEGER NUMBERS TO DECIMAL \TU/lmr/
m/n/10 15
 []

[15]
************************************************
Subsection 1.3.2 Non-Integers in Bases Other Than Ten
************************************************
[16]
Overfull \hbox (3.39452pt too wide) has occurred while \output is active
\TU/lmr/m/sl/10 SECTION 1.3. CONVERTING NON-INTEGER NUMBERS TO DECIMAL \TU/lmr/
m/n/10 17
 []

[17]
************************************************
Exercises 1.3.3 Exercises
************************************************
************************************************
Solutions 1.3.4 Solutions to Section\nobreakspace {}{\relax \ref *{x:section:no
n-integer-to-decimal}} Exercises
************************************************
[18]
************************************************
Section 1.4 Converting from Decimal
************************************************
************************************************
Subsection 1.4.1 Modular Arithmetic: Finding Quotient and Remainder
************************************************
[19] [20]
************************************************
Subsection 1.4.2 Using Quotient and Remainder to Convert from Decimal Form
************************************************
[21]
************************************************
Subsection 1.4.3 Converting Non-integer Numbers from Decimal Form
************************************************

Overfull \hbox (3.69202pt too wide) in paragraph at lines 2273--2273
|[]\TU/lmr/bx/n/12 Converting Non-integer Numbers from Decimal Form| 
 []

[22]
************************************************
Exercises 1.4.4 Exercises
************************************************
[23]
************************************************
Solutions 1.4.5 Solutions to Section\nobreakspace {}{\relax \ref *{x:section:co
nverting-from-decimal}} Exercises
************************************************
[24] [25] [26]
************************************************
Section 1.5 Converting between Binary, Octal, and Hexadecimal
************************************************

Overfull \hbox (0.84793pt too wide) in paragraph at lines 2655--2655
|[]\TU/lmr/bx/n/14.4 Converting between Binary, Octal, and Hexa-
 []

************************************************
Subsection 1.5.1 Converting Between Binary and Octal
************************************************

Overfull \hbox (51.24562pt too wide) has occurred while \output is active
\TU/lmr/m/sl/10 SECTION 1.5. CONVERTING BETWEEN BINARY, OCTAL, AND HEXADECIMAL 
\TU/lmr/m/n/10 27
 []

[27]
************************************************
Subsection 1.5.2 Converting Between Binary and Hexadecimal
************************************************
[28]
************************************************
Subsection 1.5.3 Converting Between Octal and Hexadecimal
************************************************

Overfull \hbox (51.24562pt too wide) has occurred while \output is active
\TU/lmr/m/sl/10 SECTION 1.5. CONVERTING BETWEEN BINARY, OCTAL, AND HEXADECIMAL 
\TU/lmr/m/n/10 29
 []

[29] [30]
************************************************
Subsection 1.5.4 Converting Non-integer Numbers
************************************************

Overfull \hbox (51.24562pt too wide) has occurred while \output is active
\TU/lmr/m/sl/10 SECTION 1.5. CONVERTING BETWEEN BINARY, OCTAL, AND HEXADECIMAL 
\TU/lmr/m/n/10 31
 []

[31]
************************************************
Exercises 1.5.5 Exercises
************************************************
[32]
Overfull \hbox (51.24562pt too wide) has occurred while \output is active
\TU/lmr/m/sl/10 SECTION 1.5. CONVERTING BETWEEN BINARY, OCTAL, AND HEXADECIMAL 
\TU/lmr/m/n/10 33
 []

[33]
************************************************
Solutions 1.5.6 Solutions to Section\nobreakspace {}{\relax \ref *{x:section:co
nvert-bin-oct-hex}} Exercises
************************************************
[34]
Overfull \hbox (51.24562pt too wide) has occurred while \output is active
\TU/lmr/m/sl/10 SECTION 1.5. CONVERTING BETWEEN BINARY, OCTAL, AND HEXADECIMAL 
\TU/lmr/m/n/10 35
 []

[35]
************************************************
Chapter 2 Logic
************************************************
[36]
Chapter 2.
************************************************
Section 2.1 Introduction to Logic
************************************************
************************************************
Subsection 2.1.1 Propositions
************************************************
LaTeX Font Info:    Trying to load font information for TS1+Inconsolatazi4-Regu
lar.otf(0) on input line 3341.
LaTeX Font Info:    No file TS1Inconsolatazi4-Regular.otf(0).fd. on input line 
3341.

LaTeX Font Warning: Font shape `TS1/Inconsolatazi4-Regular.otf(0)/m/n' undefine
d
(Font)              using `TS1/cmr/m/n' instead
(Font)              for symbol `textquotesingle' on input line 3341.

Package microtype Info: Loading generic protrusion settings for font family
(microtype)             `Inconsolatazi4-Regular.otf' (encoding: TS1).
(microtype)             For optimal results, create family-specific settings.
(microtype)             See the microtype manual for details.
************************************************
Subsection 2.1.2 Operators
************************************************
[37

]
************************************************
Subsubsection Negation
************************************************
************************************************
Subsection 2.1.3 Combining Propositions Using Connectives
************************************************
[38]
************************************************
Subsubsection Conjunction
************************************************
************************************************
Subsubsection Inclusive Disjunction
************************************************
************************************************
Subsubsection Exclusive Disjunction
************************************************
************************************************
Subsubsection Or vs. XOR
************************************************
[39]
************************************************
Subsubsection Logical Connectives and Precedence
************************************************
[40]
************************************************
Exercises 2.1.4 Exercises
************************************************
[41]
************************************************
Solutions 2.1.5 Solutions to Section\nobreakspace {}{\relax \ref *{x:section:se
c-intro-to-logic}} Exercises
************************************************
[42] [43]
************************************************
Section 2.2 Venn Diagrams
************************************************
************************************************
Subsection 2.2.1 Venn Diagrams with One Proposition
************************************************
[44]
************************************************
Subsection 2.2.2 Venn Diagrams with Two Propositions
************************************************
[45]
************************************************
Subsection 2.2.3 More Complications
************************************************
[46] [47]
************************************************
Subsection 2.2.4 Negation and De Morgan's Laws
************************************************
************************************************
Subsection 2.2.5 Venn Diagrams with Three Propositions
************************************************
[48] [49]
************************************************
Exercises 2.2.6 Exercises
************************************************
[50]
************************************************
Solutions 2.2.7 Solutions to Section\nobreakspace {}{\relax \ref *{x:section:se
c-venn-diagrams}} Exercises
************************************************
[51] [52] [53]
************************************************
Section 2.3 Logical Equivalence
************************************************
************************************************
Subsection 2.3.1 Truth Tables
************************************************
************************************************
Subsubsection Truth Tables with Two Variables
************************************************
[54]
************************************************
Subsubsection Truth Tables with One Variable
************************************************
[55]
************************************************
Subsubsection Negations in Truth Tables
************************************************
************************************************
Subsubsection Truth Tables with Three Variables
************************************************
[56]
************************************************
Subsection 2.3.2 Logical Equivalence
************************************************

Overfull \hbox (3.00694pt too wide) in paragraph at lines 4601--4602
\TU/lmr/m/n/10 Notice that the last column is identical to the column for $\OML
/cmm/m/it/10 q$\TU/lmr/m/n/10 . Therefore, $\OT1/cmr/m/n/10 (\OML/cmm/m/it/10 p
[]q\OT1/cmr/m/n/10 )[](\OMS/cmsy/m/n/10 ^^X
 []

[57]
************************************************
Exercises 2.3.3 Exercises
************************************************
************************************************
Solutions 2.3.4 Solutions to Section\nobreakspace {}{\relax \ref *{x:section:se
c-logical-equivalence}} Exercises
************************************************
[58] [59] [60] [61] [62]
************************************************
Section 2.4 Boolean Algebra
************************************************
[63]
************************************************
Subsection 2.4.1 Logic Circuits
************************************************
************************************************
Subsubsection \emph {and} gate
************************************************
************************************************
Subsubsection \emph {or} gate
************************************************
[64]
************************************************
Subsubsection \emph {not} gate
************************************************
************************************************
Subsection 2.4.2 Gate Representations of Logic Circuits
************************************************
************************************************
Subsection 2.4.3 Boolean Algebra
************************************************
[65]
Overfull \hbox (3.40002pt too wide) in paragraph at lines 5274--5292
[]\TU/lmr/m/n/10 Truth tables can be used to demonstrate logical equivalence be
tween Boolean
 []

************************************************
Subsection 2.4.4 Boolean Syntax in Python
************************************************
\tcb@out=\write8
\openout8 = `main.listing'.

(C:\Program Files\MiKTeX\tex/latex/listings\lstlang1.sty
File: lstlang1.sty 2020/03/24 1.8d listings language file
) (main.listing)
\openout8 = `main.listing'.


(main.listing) [66]
************************************************
Exercises 2.4.5 Exercises
************************************************
Missing character: There is no ; in font nullfont!
[67]
************************************************
Solutions 2.4.6 Solutions to Section\nobreakspace {}{\relax \ref *{x:section:se
c-boolean-algebra}} Exercises
************************************************
[68] [69] [70] [71] [72]
************************************************
Section 2.5 Laws of Logic
************************************************
************************************************
Subsection 2.5.1 Identity Laws
************************************************
[73]
************************************************
Subsection 2.5.2 Idempotent Laws
************************************************
************************************************
Subsection 2.5.3 Complement Laws
************************************************
************************************************
Subsection 2.5.4 Commutative Laws
************************************************

Overfull \hbox (6.61168pt too wide) detected at line 6229
[]
 []

[74]
************************************************
Subsection 2.5.5 Associative Laws
************************************************

Overfull \hbox (31.46443pt too wide) detected at line 6278
[]
 []

************************************************
Subsection 2.5.6 Summary So Far
************************************************
************************************************
Subsection 2.5.7 Simplifying Logical Expressions
************************************************
[75]
************************************************
Exercises 2.5.8 Exercises
************************************************
[76] [77]
************************************************
Solutions 2.5.9 Solutions to Section\nobreakspace {}{\relax \ref *{x:section:se
c-logic-laws}} Exercises.
************************************************
[78] [79]
************************************************
Section 2.6 More Laws of Logic
************************************************
************************************************
Subsection 2.6.1 De Morgan's Laws
************************************************
[80]
************************************************
Subsection 2.6.2 Distributive Laws
************************************************

Overfull \hbox (13.32901pt too wide) detected at line 6826
[]
 []


Overfull \hbox (34.52011pt too wide) detected at line 6844
[]
 []

************************************************
Subsection 2.6.3 Absorption Laws
************************************************
[81]
************************************************
Subsection 2.6.4 Summary So Far
************************************************
************************************************
Subsection 2.6.5 Simplifying Logical Expressions
************************************************
[82]
************************************************
Subsection 2.6.6 Proofs
************************************************
************************************************
Exercises 2.6.7 Exercises
************************************************
[83] [84]
************************************************
Solutions 2.6.8 Solutions to Section\nobreakspace {}{\relax \ref *{x:section:se
c-more-logic-laws}} Exercises.
************************************************
[85] [86] [87] [88]
************************************************
Section 2.7 The Conditional
************************************************
************************************************
Subsection 2.7.1 The Conditional Connective
************************************************
[89]
Overfull \hbox (27.44032pt too wide) in paragraph at lines 7504--7512
 [] 
 []

[90]
************************************************
Subsection 2.7.2 The Converse
************************************************
************************************************
Subsection 2.7.3 The contrapositive
************************************************
[91]
************************************************
Subsection 2.7.4 The inverse
************************************************
************************************************
Subsection 2.7.5 The ``or'' form of the Conditional
************************************************
[92]
************************************************
Subsection 2.7.6 De Morgan's Law and the contrapositive
************************************************
************************************************
Exercises 2.7.7 Exercises
************************************************
[93] [94] [95] [96]
************************************************
Solutions 2.7.8 Solutions to Section\nobreakspace {}{\relax \ref *{x:section:se
c-conditional}} Exercises.
************************************************
[97] [98]
************************************************
Section 2.8 The Biconditional
************************************************
************************************************
Subsection 2.8.1 The Biconditional Connective
************************************************
[99]
Overfull \hbox (69.1529pt too wide) in paragraph at lines 8107--8115
 [] 
 []

[100]
************************************************
Subsection 2.8.2 Programming Applications
************************************************
[101]
************************************************
Exercises 2.8.3 Exercises
************************************************
[102] [103]
************************************************
Solutions 2.8.4 Solutions to Section\nobreakspace {}{\relax \ref *{x:section:se
c-biconditional}} Exercises.
************************************************
[104] [105] [106] [107]
************************************************
Chapter 3 Sequences and Series
************************************************
[108]
Chapter 3.
************************************************
Section 3.1 Introduction to Sequences and Series
************************************************
************************************************
Subsection 3.1.1 Sequences
************************************************
[109

]
************************************************
Subsection 3.1.2 Notation for Sequences
************************************************
************************************************
Subsection 3.1.3 Counting the Terms in a Sequence
************************************************
************************************************
Subsubsection Starting with Index of One
************************************************
[110]
************************************************
Subsubsection Starting with Index of Zero
************************************************
************************************************
Subsubsection Starting with Index of Two or More
************************************************
************************************************
Subsection 3.1.4 Defining a sequence
************************************************
[111]
************************************************
Subsection 3.1.5 General Formula
************************************************
[112]
************************************************
Subsection 3.1.6 Recursive Definition
************************************************
************************************************
Subsection 3.1.7 Fibonacci Sequence
************************************************
[113]
************************************************
Subsection 3.1.8 Series
************************************************
************************************************
Subsection 3.1.9 Notation for Series
************************************************
************************************************
Subsection 3.1.10 Sigma Notation
************************************************
[114]
Overfull \hbox (3.44424pt too wide) detected at line 8997
[]
 []

[115]
************************************************
Exercises 3.1.11 Exercises
************************************************
[116] [117]
************************************************
Solutions 3.1.12 Solutions to Section\nobreakspace {}{\relax \ref *{x:section:s
ec-intro-to-seq-and-ser}} Exercises
************************************************
[118] [119] [120]
************************************************
Section 3.2 Arithmetic Sequences and Series
************************************************
************************************************
Subsection 3.2.1 Arithmetic Sequences
************************************************
[121]
************************************************
Subsection 3.2.2 Recursive Definitions for Arithmetic Sequences
************************************************
************************************************
Subsection 3.2.3 General Formulae for Arithmetic Sequences
************************************************
[122]
Overfull \hbox (24.0501pt too wide) in paragraph at lines 9521--9522
[]\TU/lmr/bx/n/10 Example 3.2.5 []\TU/lmr/m/n/10 What is the $[]$ term in the s
equence in the sequence $\OT1/cmr/m/n/10 3\OML/cmm/m/it/10 ; \OT1/cmr/m/n/10 8\
OML/cmm/m/it/10 ; \OT1/cmr/m/n/10 13\OML/cmm/m/it/10 ; \OT1/cmr/m/n/10 18\OML/c
mm/m/it/10 ; []$\TU/lmr/m/n/10 ? 
 []


Overfull \hbox (10.41005pt too wide) in paragraph at lines 9551--9552
[]\TU/lmr/bx/n/10 Example 3.2.7 []\TU/lmr/m/n/10 Which term has a value of 404 
in the sequence $\OMS/cmsy/m/n/10 ^^@\OT1/cmr/m/n/10 37\OML/cmm/m/it/10 ; \OMS/
cmsy/m/n/10 ^^@\OT1/cmr/m/n/10 28\OML/cmm/m/it/10 ; \OMS/cmsy/m/n/10 ^^@\OT1/cm
r/m/n/10 19\OML/cmm/m/it/10 ; []$\TU/lmr/m/n/10 ? 
 []

************************************************
Subsection 3.2.4 Arithmetic Series
************************************************
[123] [124] [125]
************************************************
Subsection 3.2.5 Summary
************************************************
************************************************
Exercises 3.2.6 Exercises
************************************************
[126] [127]
************************************************
Solutions 3.2.7 Solutions to Section\nobreakspace {}{\relax \ref *{x:section:se
c-arith-seq-ser}} Exercises
************************************************
[128] [129]
************************************************
Section 3.3 Geometric Sequences and Series
************************************************
************************************************
Subsection 3.3.1 Geometric Sequences
************************************************
[130]
************************************************
Subsection 3.3.2 Recursive Definitions for Geometric Sequences
************************************************
[131]
************************************************
Subsection 3.3.3 General Formulae for Geometric Sequences
************************************************

Overfull \hbox (9.60565pt too wide) in paragraph at lines 10111--10112
[]\TU/lmr/bx/n/10 Example 3.3.5 []\TU/lmr/m/n/10 What is the $[]$ term in the s
equence in the sequence $\OT1/cmr/m/n/10 3\OML/cmm/m/it/10 ; \OT1/cmr/m/n/10 6\
OML/cmm/m/it/10 ; \OT1/cmr/m/n/10 12\OML/cmm/m/it/10 ; []$\TU/lmr/m/n/10 ? 
 []

[132]
************************************************
Subsection 3.3.4 Geometric Series
************************************************

Overfull \hbox (29.78159pt too wide) detected at line 10157
[]
 []

[133]
************************************************
Subsection 3.3.5 Sum of an Infinite Geometric Series
************************************************
[134] [135]
************************************************
Subsection 3.3.6 Repeating Decimals
************************************************
[136]
************************************************
Subsection 3.3.7 Summary
************************************************
************************************************
Exercises 3.3.8 Exercises
************************************************
[137] [138]
************************************************
Solutions 3.3.9 Solutions to Section\nobreakspace {}{\relax \ref *{x:section:se
c-geom-seq-ser}} Exercises
************************************************
[139] [140] [141] [142

]
runsystem(makeindex main.idx)...executed safely (allowed).

 (main.ind [143



])
The property list \polyglossia@langsetup contains the pairs (without outer
braces):
>  {latex/script}  =>  {latin}
>  {latex/lcscript}  =>  {latin}
>  {latex/scripttag}  =>  {}
>  {latex/language}  =>  {Latex}
>  {latex/langtag}  =>  {ENG}
>  {latex/bcp47}  =>  {}
>  {latex/hyphennames}  =>  {english}
>  {latex/direction}  =>  {LR}
>  {latex/hyphenmins}  =>  {2,3}
>  {latex/frenchspacing}  =>  {false}
>  {latex/indentfirst}  =>  {false}
>  {latex/fontsetup}  =>  {true}
>  {latex/envname}  =>  {latex}
>  {latex/babelname}  =>  {latex}
>  {latex/localnumeral}  =>  {polyglossia@C@localnumeral}
>  {latex/Localnumeral}  =>  {polyglossia@C@localnumeral}
>  {latex/DefineCommandsCmd}  =>  {use_none:n}
>  {english/script}  =>  {latin}
>  {english/lcscript}  =>  {latin}
>  {english/scripttag}  =>  {}
>  {english/language}  =>  {English}
>  {english/langtag}  =>  {ENG}
>  {english/bcp47}  =>  {en-US}
>  {english/hyphennames}  =>  {english,american,usenglish,USenglish}
>  {english/direction}  =>  {LR}
>  {english/hyphenmins}  =>  {2,3}
>  {english/frenchspacing}  =>  {false}
>  {english/indentfirst}  =>  {false}
>  {english/fontsetup}  =>  {true}
>  {english/envname}  =>  {english}
>  {english/babelname}  =>  {american}
>  {english/localnumeral}  =>  {polyglossia@C@localnumeral}
>  {english/Localnumeral}  =>  {polyglossia@C@localnumeral}
>  {english/DefineCommandsCmd}  =>  {xpg_define_language_commands:e}.
The property list \__xpg_alias contains the pairs (without outer braces):
>  {latex/target}  =>  {latex}
>  {english/target}  =>  {english}
>  {en/target}  =>  {english}
>  {en-AU/target}  =>  {english}
>  {en-AU/variant}  =>  {australian}
>  {en-AU/options}  =>  {variant=australian}
>  {en-CA/target}  =>  {english}
>  {en-CA/variant}  =>  {canadian}
>  {en-CA/options}  =>  {variant=canadian}
>  {en-GB/target}  =>  {english}
>  {en-GB/variant}  =>  {british}
>  {en-GB/options}  =>  {variant=british}
>  {en-NZ/target}  =>  {english}
>  {en-NZ/variant}  =>  {newzealand}
>  {en-NZ/options}  =>  {variant=newzealand}
>  {en-US/target}  =>  {english}
>  {en-US/variant}  =>  {us}
>  {en-US/options}  =>  {variant=us}
>  {american/target}  =>  {english}
>  {american/variant}  =>  {us}
>  {american/options}  =>  {variant=us}
>  {australian/target}  =>  {english}
>  {australian/variant}  =>  {australian}
>  {australian/options}  =>  {variant=australian}
>  {british/target}  =>  {english}
>  {british/variant}  =>  {british}
>  {british/options}  =>  {variant=british}
>  {canadian/target}  =>  {english}
>  {canadian/variant}  =>  {canadian}
>  {canadian/options}  =>  {variant=canadian}
>  {newzealand/target}  =>  {english}
>  {newzealand/variant}  =>  {newzealand}
>  {newzealand/options}  =>  {variant=newzealand}.
 [144] (main.aux
Package polyglossia Info: Option: english variant=american (with additional pat
terns).
Package polyglossia Info: Option: english variant=american (with additional pat
terns).
LaTeX Info: Redefining \rmfamily on input line 19.
LaTeX Info: Redefining \sffamily on input line 19.
LaTeX Info: Redefining \ttfamily on input line 19.
Package polyglossia Info: Option: english variant=american (with additional pat
terns).
Package polyglossia Info: Option: english variant=american (with additional pat
terns).
)
\snap@out=\write9
\openout9 = `main.dep'.


Dependency list written on main.dep.

LaTeX Font Warning: Some font shapes were not available, defaults substituted.


LaTeX Warning: Label(s) may have changed. Rerun to get cross-references right.

Package rerunfilecheck Info: File `main.out' has not changed.
(rerunfilecheck)             Checksum: F573B4E9350BC9585E8BFAFBBE596C7F;3494.
 ) 
Here is how much of TeX's memory you used:
 53610 strings out of 410931
 1251600 string characters out of 2827226
 2091630 words of memory out of 3000000
 73720 multiletter control sequences out of 15000+600000
 477770 words of font info for 93 fonts, out of 8000000 for 9000
 1348 hyphenation exceptions out of 8191
 83i,18n,107p,1751b,2163s stack positions out of 10000i,1000n,20000p,200000b,80000s

Output written on main.pdf (150 pages).
