\BOOKMARK [0][-]{chapter.1}{\376\377\000B\000i\000n\000a\000r\000y\000,\000\040\000O\000c\000t\000a\000l\000,\000\040\000a\000n\000d\000\040\000H\000e\000x\000a\000d\000e\000c\000i\000m\000a\000l}{}% 1
\BOOKMARK [1][-]{section.1.1}{\376\377\000D\000e\000c\000i\000m\000a\000l\000\040\000a\000n\000d\000\040\000O\000c\000t\000a\000l}{chapter.1}% 2
\BOOKMARK [1][-]{section.1.2}{\376\377\000B\000i\000n\000a\000r\000y\000\040\000a\000n\000d\000\040\000H\000e\000x\000a\000d\000e\000c\000i\000m\000a\000l}{chapter.1}% 3
\BOOKMARK [1][-]{section.1.3}{\376\377\000C\000o\000n\000v\000e\000r\000t\000i\000n\000g\000\040\000N\000o\000n\000-\000I\000n\000t\000e\000g\000e\000r\000\040\000N\000u\000m\000b\000e\000r\000s\000\040\000t\000o\000\040\000D\000e\000c\000i\000m\000a\000l}{chapter.1}% 4
\BOOKMARK [1][-]{section.1.4}{\376\377\000C\000o\000n\000v\000e\000r\000t\000i\000n\000g\000\040\000f\000r\000o\000m\000\040\000D\000e\000c\000i\000m\000a\000l}{chapter.1}% 5
\BOOKMARK [1][-]{section.1.5}{\376\377\000C\000o\000n\000v\000e\000r\000t\000i\000n\000g\000\040\000b\000e\000t\000w\000e\000e\000n\000\040\000B\000i\000n\000a\000r\000y\000,\000\040\000O\000c\000t\000a\000l\000,\000\040\000a\000n\000d\000\040\000H\000e\000x\000a\000d\000e\000c\000i\000m\000a\000l}{chapter.1}% 6
\BOOKMARK [0][-]{chapter.2}{\376\377\000L\000o\000g\000i\000c}{}% 7
\BOOKMARK [1][-]{section.2.1}{\376\377\000I\000n\000t\000r\000o\000d\000u\000c\000t\000i\000o\000n\000\040\000t\000o\000\040\000L\000o\000g\000i\000c}{chapter.2}% 8
\BOOKMARK [1][-]{section.2.2}{\376\377\000V\000e\000n\000n\000\040\000D\000i\000a\000g\000r\000a\000m\000s}{chapter.2}% 9
\BOOKMARK [1][-]{section.2.3}{\376\377\000L\000o\000g\000i\000c\000a\000l\000\040\000E\000q\000u\000i\000v\000a\000l\000e\000n\000c\000e}{chapter.2}% 10
\BOOKMARK [1][-]{section.2.4}{\376\377\000B\000o\000o\000l\000e\000a\000n\000\040\000A\000l\000g\000e\000b\000r\000a}{chapter.2}% 11
\BOOKMARK [1][-]{section.2.5}{\376\377\000L\000a\000w\000s\000\040\000o\000f\000\040\000L\000o\000g\000i\000c}{chapter.2}% 12
\BOOKMARK [1][-]{section.2.6}{\376\377\000M\000o\000r\000e\000\040\000L\000a\000w\000s\000\040\000o\000f\000\040\000L\000o\000g\000i\000c}{chapter.2}% 13
\BOOKMARK [1][-]{section.2.7}{\376\377\000T\000h\000e\000\040\000C\000o\000n\000d\000i\000t\000i\000o\000n\000a\000l}{chapter.2}% 14
\BOOKMARK [1][-]{section.2.8}{\376\377\000T\000h\000e\000\040\000B\000i\000c\000o\000n\000d\000i\000t\000i\000o\000n\000a\000l}{chapter.2}% 15
\BOOKMARK [0][-]{chapter.3}{\376\377\000S\000e\000q\000u\000e\000n\000c\000e\000s\000\040\000a\000n\000d\000\040\000S\000e\000r\000i\000e\000s}{}% 16
\BOOKMARK [1][-]{section.3.1}{\376\377\000I\000n\000t\000r\000o\000d\000u\000c\000t\000i\000o\000n\000\040\000t\000o\000\040\000S\000e\000q\000u\000e\000n\000c\000e\000s\000\040\000a\000n\000d\000\040\000S\000e\000r\000i\000e\000s}{chapter.3}% 17
\BOOKMARK [1][-]{section.3.2}{\376\377\000A\000r\000i\000t\000h\000m\000e\000t\000i\000c\000\040\000S\000e\000q\000u\000e\000n\000c\000e\000s\000\040\000a\000n\000d\000\040\000S\000e\000r\000i\000e\000s}{chapter.3}% 18
\BOOKMARK [1][-]{section.3.3}{\376\377\000G\000e\000o\000m\000e\000t\000r\000i\000c\000\040\000S\000e\000q\000u\000e\000n\000c\000e\000s\000\040\000a\000n\000d\000\040\000S\000e\000r\000i\000e\000s}{chapter.3}% 19
\BOOKMARK [-1][-]{section*.142}{\376\377\000B\000a\000c\000k\000\040\000M\000a\000t\000t\000e\000r}{}% 20
\BOOKMARK [0][-]{section*.143}{\376\377\000I\000n\000d\000e\000x}{section*.142}% 21
